2025-03-16 15:30:01,837 - __main__ - DEBUG - full-report.py - 933 - Starting dashboard application
2025-03-16 15:30:02,923 - __main__ - DEBUG - logger.py - 41 - 
==================================================
2025-03-16 15:30:02,925 - __main__ - DEBUG - logger.py - 42 - DataFrame Operation: Initial Raw Data Before Processing
2025-03-16 15:30:02,925 - __main__ - DEBUG - logger.py - 43 - Shape: (1728, 12)
2025-03-16 15:30:02,926 - __main__ - DEBUG - logger.py - 44 - Columns: ['profile_id', 'date', 'name', 'action', 'post_content', 'username', 'translated_comments', 'media_link', 'result', 'rerun', 'id', 'date_only']
2025-03-16 15:30:02,928 - __main__ - DEBUG - logger.py - 45 - Data Types:
profile_id             object
date                   object
name                   object
action                 object
post_content           object
username               object
translated_comments    object
media_link             object
result                 object
rerun                  object
id                     object
date_only              object
dtype: object
2025-03-16 15:30:02,949 - __main__ - DEBUG - logger.py - 46 - First few rows:
                             profile_id                        date                  name action  ...                     result rerun    id            date_only
0  c325b3b8-33ab-4ec4-96f7-8f37ce5dff04  2025-03-06 12:44:24.250000      SENTHIL_MAANIKAM   like  ...  Like Success through link        1675                  NaN
1  87963ccb-16e8-4315-95bb-ab07d9053b75  2025-03-06 12:58:57.408000  DHANDAPANI_MURUGESAN   like  ...  Like Success through link        1676  2025-03-06 00:00:00
2  605a73e7-b8c9-4785-861c-e8ccf6d67a41  2025-03-06 13:16:01.814000      AATHISESHAN_VELU   like  ...  Like Success through link        1677  2025-03-06 00:00:00
3  605a73e7-b8c9-4785-861c-e8ccf6d67a41  2025-03-06 16:01:38.998000      AATHISESHAN_VELU   like  ...  Like Success through link        1678  2025-03-06 00:00:00
4  7c255f4f-0285-4cc9-94b8-2d3889896579  2025-03-06 19:38:52.938000       VINOTHANAN_BALU   like  ...     Failed to Perform task        1679  2025-03-06 00:00:00

[5 rows x 12 columns]
2025-03-16 15:30:02,950 - __main__ - DEBUG - logger.py - 47 - ==================================================

2025-03-16 15:30:02,954 - __main__ - DEBUG - logger.py - 41 - 
==================================================
2025-03-16 15:30:02,954 - __main__ - DEBUG - logger.py - 42 - DataFrame Operation: After Date String Conversion
2025-03-16 15:30:02,954 - __main__ - DEBUG - logger.py - 43 - Shape: (1728, 12)
2025-03-16 15:30:02,955 - __main__ - DEBUG - logger.py - 44 - Columns: ['profile_id', 'date', 'name', 'action', 'post_content', 'username', 'translated_comments', 'media_link', 'result', 'rerun', 'id', 'date_only']
2025-03-16 15:30:02,956 - __main__ - DEBUG - logger.py - 45 - Data Types:
profile_id             object
date                   object
name                   object
action                 object
post_content           object
username               object
translated_comments    object
media_link             object
result                 object
rerun                  object
id                     object
date_only              object
dtype: object
2025-03-16 15:30:02,973 - __main__ - DEBUG - logger.py - 46 - First few rows:
                             profile_id                        date                  name action  ...                     result rerun    id            date_only
0  c325b3b8-33ab-4ec4-96f7-8f37ce5dff04  2025-03-06 12:44:24.250000      SENTHIL_MAANIKAM   like  ...  Like Success through link        1675                  NaN
1  87963ccb-16e8-4315-95bb-ab07d9053b75  2025-03-06 12:58:57.408000  DHANDAPANI_MURUGESAN   like  ...  Like Success through link        1676  2025-03-06 00:00:00
2  605a73e7-b8c9-4785-861c-e8ccf6d67a41  2025-03-06 13:16:01.814000      AATHISESHAN_VELU   like  ...  Like Success through link        1677  2025-03-06 00:00:00
3  605a73e7-b8c9-4785-861c-e8ccf6d67a41  2025-03-06 16:01:38.998000      AATHISESHAN_VELU   like  ...  Like Success through link        1678  2025-03-06 00:00:00
4  7c255f4f-0285-4cc9-94b8-2d3889896579  2025-03-06 19:38:52.938000       VINOTHANAN_BALU   like  ...     Failed to Perform task        1679  2025-03-06 00:00:00

[5 rows x 12 columns]
2025-03-16 15:30:02,974 - __main__ - DEBUG - logger.py - 47 - ==================================================

2025-03-16 15:30:03,283 - __main__ - DEBUG - logger.py - 41 - 
==================================================
2025-03-16 15:30:03,284 - __main__ - DEBUG - logger.py - 42 - DataFrame Operation: Final DataFrame Before CSV Export
2025-03-16 15:30:03,284 - __main__ - DEBUG - logger.py - 43 - Shape: (1728, 12)
2025-03-16 15:30:03,285 - __main__ - DEBUG - logger.py - 44 - Columns: ['profile_id', 'date', 'name', 'action', 'post_content', 'username', 'translated_comments', 'media_link', 'result', 'rerun', 'id', 'date_only']
2025-03-16 15:30:03,286 - __main__ - DEBUG - logger.py - 45 - Data Types:
profile_id             object
date                   object
name                   object
action                 object
post_content           object
username               object
translated_comments    object
media_link             object
result                 object
rerun                  object
id                     object
date_only              object
dtype: object
2025-03-16 15:30:03,298 - __main__ - DEBUG - logger.py - 46 - First few rows:
                             profile_id                 date                  name action  ...                     result rerun    id            date_only
0  c325b3b8-33ab-4ec4-96f7-8f37ce5dff04  2025-03-06 12:44:24      SENTHIL_MAANIKAM   like  ...  Like Success through link        1675                  NaN
1  87963ccb-16e8-4315-95bb-ab07d9053b75  2025-03-06 12:58:57  DHANDAPANI_MURUGESAN   like  ...  Like Success through link        1676  2025-03-06 00:00:00
2  605a73e7-b8c9-4785-861c-e8ccf6d67a41  2025-03-06 13:16:01      AATHISESHAN_VELU   like  ...  Like Success through link        1677  2025-03-06 00:00:00
3  605a73e7-b8c9-4785-861c-e8ccf6d67a41  2025-03-06 16:01:38      AATHISESHAN_VELU   like  ...  Like Success through link        1678  2025-03-06 00:00:00
4  7c255f4f-0285-4cc9-94b8-2d3889896579  2025-03-06 19:38:52       VINOTHANAN_BALU   like  ...     Failed to Perform task        1679  2025-03-06 00:00:00

[5 rows x 12 columns]
2025-03-16 15:30:03,300 - __main__ - DEBUG - logger.py - 47 - ==================================================

2025-03-16 15:30:03,327 - __main__ - DEBUG - full-report.py - 914 - CSV generation successful. Data size: 502757 bytes
2025-03-16 15:30:03,380 - __main__ - DEBUG - full-report.py - 421 - Fetching total engagements
2025-03-16 15:30:04,123 - __main__ - DEBUG - full-report.py - 436 - Found 1728 total engagements
2025-03-16 15:30:04,123 - __main__ - DEBUG - full-report.py - 453 - Fetching successful engagements
2025-03-16 15:30:04,886 - __main__ - DEBUG - full-report.py - 492 - Calculating success ratio
2025-03-16 15:30:04,886 - __main__ - DEBUG - full-report.py - 421 - Fetching total engagements
2025-03-16 15:30:05,532 - __main__ - DEBUG - full-report.py - 436 - Found 1728 total engagements
2025-03-16 15:30:05,532 - __main__ - DEBUG - full-report.py - 453 - Fetching successful engagements
2025-03-16 15:30:06,181 - __main__ - DEBUG - full-report.py - 500 - Success ratio: 93.63%
2025-03-16 15:30:06,870 - __main__ - DEBUG - full-report.py - 652 - Fetching user engagement data
2025-03-16 15:30:07,580 - __main__ - DEBUG - full-report.py - 672 - Found 5 user records
2025-03-16 15:30:07,580 - __main__ - DEBUG - full-report.py - 514 - Fetching engagement time series data
2025-03-16 15:30:08,258 - __main__ - DEBUG - full-report.py - 693 - Fetching rerun comparison data using Excel formula logic
2025-03-16 15:30:09,032 - __main__ - DEBUG - full-report.py - 779 - Metrics found - Initial: {'likes': 454, 'retweets': 433, 'comments': 597}, Rerun: {'likes': 502, 'retweets': 465, 'comments': 652}
2025-03-16 15:30:09,312 - __main__ - DEBUG - full-report.py - 800 - Fetching engagement time series data from 2025-03-10 00:00:00.312504 to 2025-03-16 23:59:59.312504
2025-03-16 15:30:19,321 - __main__ - DEBUG - full-report.py - 933 - Starting dashboard application
2025-03-16 15:30:20,292 - __main__ - DEBUG - logger.py - 41 - 
==================================================
2025-03-16 15:30:20,294 - __main__ - DEBUG - logger.py - 42 - DataFrame Operation: Initial Raw Data Before Processing
2025-03-16 15:30:20,294 - __main__ - DEBUG - logger.py - 43 - Shape: (1728, 12)
2025-03-16 15:30:20,294 - __main__ - DEBUG - logger.py - 44 - Columns: ['profile_id', 'date', 'name', 'action', 'post_content', 'username', 'translated_comments', 'media_link', 'result', 'rerun', 'id', 'date_only']
2025-03-16 15:30:20,297 - __main__ - DEBUG - logger.py - 45 - Data Types:
profile_id             object
date                   object
name                   object
action                 object
post_content           object
username               object
translated_comments    object
media_link             object
result                 object
rerun                  object
id                     object
date_only              object
dtype: object
2025-03-16 15:30:20,310 - __main__ - DEBUG - logger.py - 46 - First few rows:
                             profile_id                        date                  name action  ...                     result rerun    id            date_only
0  c325b3b8-33ab-4ec4-96f7-8f37ce5dff04  2025-03-06 12:44:24.250000      SENTHIL_MAANIKAM   like  ...  Like Success through link        1675                  NaN
1  87963ccb-16e8-4315-95bb-ab07d9053b75  2025-03-06 12:58:57.408000  DHANDAPANI_MURUGESAN   like  ...  Like Success through link        1676  2025-03-06 00:00:00
2  605a73e7-b8c9-4785-861c-e8ccf6d67a41  2025-03-06 13:16:01.814000      AATHISESHAN_VELU   like  ...  Like Success through link        1677  2025-03-06 00:00:00
3  605a73e7-b8c9-4785-861c-e8ccf6d67a41  2025-03-06 16:01:38.998000      AATHISESHAN_VELU   like  ...  Like Success through link        1678  2025-03-06 00:00:00
4  7c255f4f-0285-4cc9-94b8-2d3889896579  2025-03-06 19:38:52.938000       VINOTHANAN_BALU   like  ...     Failed to Perform task        1679  2025-03-06 00:00:00

[5 rows x 12 columns]
2025-03-16 15:30:20,311 - __main__ - DEBUG - logger.py - 47 - ==================================================

2025-03-16 15:30:20,314 - __main__ - DEBUG - logger.py - 41 - 
==================================================
2025-03-16 15:30:20,315 - __main__ - DEBUG - logger.py - 42 - DataFrame Operation: After Date String Conversion
2025-03-16 15:30:20,315 - __main__ - DEBUG - logger.py - 43 - Shape: (1728, 12)
2025-03-16 15:30:20,315 - __main__ - DEBUG - logger.py - 44 - Columns: ['profile_id', 'date', 'name', 'action', 'post_content', 'username', 'translated_comments', 'media_link', 'result', 'rerun', 'id', 'date_only']
2025-03-16 15:30:20,318 - __main__ - DEBUG - logger.py - 45 - Data Types:
profile_id             object
date                   object
name                   object
action                 object
post_content           object
username               object
translated_comments    object
media_link             object
result                 object
rerun                  object
id                     object
date_only              object
dtype: object
2025-03-16 15:30:20,331 - __main__ - DEBUG - logger.py - 46 - First few rows:
                             profile_id                        date                  name action  ...                     result rerun    id            date_only
0  c325b3b8-33ab-4ec4-96f7-8f37ce5dff04  2025-03-06 12:44:24.250000      SENTHIL_MAANIKAM   like  ...  Like Success through link        1675                  NaN
1  87963ccb-16e8-4315-95bb-ab07d9053b75  2025-03-06 12:58:57.408000  DHANDAPANI_MURUGESAN   like  ...  Like Success through link        1676  2025-03-06 00:00:00
2  605a73e7-b8c9-4785-861c-e8ccf6d67a41  2025-03-06 13:16:01.814000      AATHISESHAN_VELU   like  ...  Like Success through link        1677  2025-03-06 00:00:00
3  605a73e7-b8c9-4785-861c-e8ccf6d67a41  2025-03-06 16:01:38.998000      AATHISESHAN_VELU   like  ...  Like Success through link        1678  2025-03-06 00:00:00
4  7c255f4f-0285-4cc9-94b8-2d3889896579  2025-03-06 19:38:52.938000       VINOTHANAN_BALU   like  ...     Failed to Perform task        1679  2025-03-06 00:00:00

[5 rows x 12 columns]
2025-03-16 15:30:20,332 - __main__ - DEBUG - logger.py - 47 - ==================================================

2025-03-16 15:30:20,632 - __main__ - DEBUG - logger.py - 41 - 
==================================================
2025-03-16 15:30:20,633 - __main__ - DEBUG - logger.py - 42 - DataFrame Operation: Final DataFrame Before CSV Export
2025-03-16 15:30:20,633 - __main__ - DEBUG - logger.py - 43 - Shape: (1728, 12)
2025-03-16 15:30:20,634 - __main__ - DEBUG - logger.py - 44 - Columns: ['profile_id', 'date', 'name', 'action', 'post_content', 'username', 'translated_comments', 'media_link', 'result', 'rerun', 'id', 'date_only']
2025-03-16 15:30:20,635 - __main__ - DEBUG - logger.py - 45 - Data Types:
profile_id             object
date                   object
name                   object
action                 object
post_content           object
username               object
translated_comments    object
media_link             object
result                 object
rerun                  object
id                     object
date_only              object
dtype: object
2025-03-16 15:30:20,651 - __main__ - DEBUG - logger.py - 46 - First few rows:
                             profile_id                 date                  name action  ...                     result rerun    id            date_only
0  c325b3b8-33ab-4ec4-96f7-8f37ce5dff04  2025-03-06 12:44:24      SENTHIL_MAANIKAM   like  ...  Like Success through link        1675                  NaN
1  87963ccb-16e8-4315-95bb-ab07d9053b75  2025-03-06 12:58:57  DHANDAPANI_MURUGESAN   like  ...  Like Success through link        1676  2025-03-06 00:00:00
2  605a73e7-b8c9-4785-861c-e8ccf6d67a41  2025-03-06 13:16:01      AATHISESHAN_VELU   like  ...  Like Success through link        1677  2025-03-06 00:00:00
3  605a73e7-b8c9-4785-861c-e8ccf6d67a41  2025-03-06 16:01:38      AATHISESHAN_VELU   like  ...  Like Success through link        1678  2025-03-06 00:00:00
4  7c255f4f-0285-4cc9-94b8-2d3889896579  2025-03-06 19:38:52       VINOTHANAN_BALU   like  ...     Failed to Perform task        1679  2025-03-06 00:00:00

[5 rows x 12 columns]
2025-03-16 15:30:20,652 - __main__ - DEBUG - logger.py - 47 - ==================================================

2025-03-16 15:30:20,677 - __main__ - DEBUG - full-report.py - 914 - CSV generation successful. Data size: 502757 bytes
2025-03-16 15:30:20,786 - __main__ - DEBUG - full-report.py - 973 - Raw data export triggered
2025-03-16 15:30:20,788 - __main__ - DEBUG - full-report.py - 421 - Fetching total engagements
2025-03-16 15:30:21,553 - __main__ - DEBUG - full-report.py - 436 - Found 1728 total engagements
2025-03-16 15:30:21,553 - __main__ - DEBUG - full-report.py - 453 - Fetching successful engagements
2025-03-16 15:30:22,189 - __main__ - DEBUG - full-report.py - 492 - Calculating success ratio
2025-03-16 15:30:22,190 - __main__ - DEBUG - full-report.py - 421 - Fetching total engagements
2025-03-16 15:30:22,854 - __main__ - DEBUG - full-report.py - 436 - Found 1728 total engagements
2025-03-16 15:30:22,854 - __main__ - DEBUG - full-report.py - 453 - Fetching successful engagements
2025-03-16 15:30:23,493 - __main__ - DEBUG - full-report.py - 500 - Success ratio: 93.63%
2025-03-16 15:30:24,160 - __main__ - DEBUG - full-report.py - 652 - Fetching user engagement data
2025-03-16 15:30:24,933 - __main__ - DEBUG - full-report.py - 672 - Found 5 user records
2025-03-16 15:30:24,933 - __main__ - DEBUG - full-report.py - 514 - Fetching engagement time series data
2025-03-16 15:30:25,564 - __main__ - DEBUG - full-report.py - 693 - Fetching rerun comparison data using Excel formula logic
2025-03-16 15:30:26,340 - __main__ - DEBUG - full-report.py - 779 - Metrics found - Initial: {'likes': 454, 'retweets': 433, 'comments': 597}, Rerun: {'likes': 502, 'retweets': 465, 'comments': 652}
2025-03-16 15:30:26,404 - __main__ - DEBUG - full-report.py - 800 - Fetching engagement time series data from 2025-03-10 00:00:00.404415 to 2025-03-16 23:59:59.404415
2025-03-17 10:45:19,797 - __main__ - DEBUG - full-report.py - 933 - Starting dashboard application
2025-03-17 10:45:21,599 - __main__ - DEBUG - logger.py - 41 - 
==================================================
2025-03-17 10:45:21,599 - __main__ - DEBUG - logger.py - 42 - DataFrame Operation: Initial Raw Data Before Processing
2025-03-17 10:45:21,599 - __main__ - DEBUG - logger.py - 43 - Shape: (1729, 12)
2025-03-17 10:45:21,600 - __main__ - DEBUG - logger.py - 44 - Columns: ['id', 'date', 'date_only', 'profile_id', 'name', 'action', 'post_content', 'username', 'translated_comments', 'rerun', 'result', 'media_link']
2025-03-17 10:45:21,605 - __main__ - DEBUG - logger.py - 45 - Data Types:
id                              int64
date                   datetime64[ns]
date_only              datetime64[ns]
profile_id                     object
name                           object
action                         object
post_content                   object
username                       object
translated_comments            object
rerun                          object
result                         object
media_link                     object
dtype: object
2025-03-17 10:45:21,635 - __main__ - DEBUG - logger.py - 46 - First few rows:
   id                    date  date_only  ... rerun                       result media_link
0   1 2024-11-18 17:46:00.214 2024-11-18  ...   NaN              Comment Success        NaN
1   2 2024-11-18 18:04:52.896 2024-11-18  ...   NaN  Repost Success through link        NaN
2   3 2024-11-18 18:06:17.085 2024-11-18  ...   NaN    Like Success through link        NaN
3   4 2024-11-18 18:09:43.525 2024-11-18  ...   NaN  Repost Success through link        NaN
4   5 2024-11-19 21:09:39.899 2024-11-19  ...   NaN                 Like Success        NaN

[5 rows x 12 columns]
2025-03-17 10:45:21,636 - __main__ - DEBUG - logger.py - 47 - ==================================================

2025-03-17 10:45:21,640 - __main__ - DEBUG - logger.py - 41 - 
==================================================
2025-03-17 10:45:21,640 - __main__ - DEBUG - logger.py - 42 - DataFrame Operation: After Date String Conversion
2025-03-17 10:45:21,640 - __main__ - DEBUG - logger.py - 43 - Shape: (1729, 12)
2025-03-17 10:45:21,641 - __main__ - DEBUG - logger.py - 44 - Columns: ['id', 'date', 'date_only', 'profile_id', 'name', 'action', 'post_content', 'username', 'translated_comments', 'rerun', 'result', 'media_link']
2025-03-17 10:45:21,642 - __main__ - DEBUG - logger.py - 45 - Data Types:
id                              int64
date                   datetime64[ns]
date_only              datetime64[ns]
profile_id                     object
name                           object
action                         object
post_content                   object
username                       object
translated_comments            object
rerun                          object
result                         object
media_link                     object
dtype: object
2025-03-17 10:45:21,650 - __main__ - DEBUG - logger.py - 46 - First few rows:
   id                    date  date_only  ... rerun                       result media_link
0   1 2024-11-18 17:46:00.214 2024-11-18  ...   NaN              Comment Success        NaN
1   2 2024-11-18 18:04:52.896 2024-11-18  ...   NaN  Repost Success through link        NaN
2   3 2024-11-18 18:06:17.085 2024-11-18  ...   NaN    Like Success through link        NaN
3   4 2024-11-18 18:09:43.525 2024-11-18  ...   NaN  Repost Success through link        NaN
4   5 2024-11-19 21:09:39.899 2024-11-19  ...   NaN                 Like Success        NaN

[5 rows x 12 columns]
2025-03-17 10:45:21,651 - __main__ - DEBUG - logger.py - 47 - ==================================================

2025-03-17 10:45:21,663 - __main__ - DEBUG - logger.py - 41 - 
==================================================
2025-03-17 10:45:21,663 - __main__ - DEBUG - logger.py - 42 - DataFrame Operation: Final DataFrame Before CSV Export
2025-03-17 10:45:21,665 - __main__ - DEBUG - logger.py - 43 - Shape: (1729, 12)
2025-03-17 10:45:21,665 - __main__ - DEBUG - logger.py - 44 - Columns: ['id', 'date', 'date_only', 'profile_id', 'name', 'action', 'post_content', 'username', 'translated_comments', 'rerun', 'result', 'media_link']
2025-03-17 10:45:21,665 - __main__ - DEBUG - logger.py - 45 - Data Types:
id                              int64
date                           object
date_only              datetime64[ns]
profile_id                     object
name                           object
action                         object
post_content                   object
username                       object
translated_comments            object
rerun                          object
result                         object
media_link                     object
dtype: object
2025-03-17 10:45:21,673 - __main__ - DEBUG - logger.py - 46 - First few rows:
   id                 date  date_only  ... rerun                       result media_link
0   1  2024-11-18 17:46:00 2024-11-18  ...   NaN              Comment Success        NaN
1   2  2024-11-18 18:04:52 2024-11-18  ...   NaN  Repost Success through link        NaN
2   3  2024-11-18 18:06:17 2024-11-18  ...   NaN    Like Success through link        NaN
3   4  2024-11-18 18:09:43 2024-11-18  ...   NaN  Repost Success through link        NaN
4   5  2024-11-19 21:09:39 2024-11-19  ...   NaN                 Like Success        NaN

[5 rows x 12 columns]
2025-03-17 10:45:21,673 - __main__ - DEBUG - logger.py - 47 - ==================================================

2025-03-17 10:45:21,701 - __main__ - DEBUG - full-report.py - 914 - CSV generation successful. Data size: 377386 bytes
2025-03-17 10:45:21,752 - __main__ - DEBUG - full-report.py - 421 - Fetching total engagements
2025-03-17 10:45:22,332 - __main__ - DEBUG - full-report.py - 436 - Found 1729 total engagements
2025-03-17 10:45:22,332 - __main__ - DEBUG - full-report.py - 453 - Fetching successful engagements
2025-03-17 10:45:22,856 - __main__ - DEBUG - full-report.py - 492 - Calculating success ratio
2025-03-17 10:45:22,856 - __main__ - DEBUG - full-report.py - 421 - Fetching total engagements
2025-03-17 10:45:23,463 - __main__ - DEBUG - full-report.py - 436 - Found 1729 total engagements
2025-03-17 10:45:23,463 - __main__ - DEBUG - full-report.py - 453 - Fetching successful engagements
2025-03-17 10:45:24,049 - __main__ - DEBUG - full-report.py - 500 - Success ratio: 93.64%
2025-03-17 10:45:24,608 - __main__ - DEBUG - full-report.py - 652 - Fetching user engagement data
2025-03-17 10:45:25,222 - __main__ - DEBUG - full-report.py - 672 - Found 5 user records
2025-03-17 10:45:25,223 - __main__ - DEBUG - full-report.py - 514 - Fetching engagement time series data
2025-03-17 10:45:25,792 - __main__ - DEBUG - full-report.py - 693 - Fetching rerun comparison data using Excel formula logic
2025-03-17 10:45:26,437 - __main__ - DEBUG - full-report.py - 779 - Metrics found - Initial: {'likes': 455, 'retweets': 433, 'comments': 597}, Rerun: {'likes': 503, 'retweets': 465, 'comments': 652}
2025-03-17 10:45:27,724 - __main__ - DEBUG - full-report.py - 800 - Fetching engagement time series data from 2025-03-11 00:00:00.724941 to 2025-03-17 23:59:59.724941
2025-03-17 10:45:59,653 - __main__ - DEBUG - full-report.py - 933 - Starting dashboard application
2025-03-17 10:46:00,411 - __main__ - DEBUG - logger.py - 41 - 
==================================================
2025-03-17 10:46:00,412 - __main__ - DEBUG - logger.py - 42 - DataFrame Operation: Initial Raw Data Before Processing
2025-03-17 10:46:00,412 - __main__ - DEBUG - logger.py - 43 - Shape: (1729, 12)
2025-03-17 10:46:00,412 - __main__ - DEBUG - logger.py - 44 - Columns: ['id', 'date', 'date_only', 'profile_id', 'name', 'action', 'post_content', 'username', 'translated_comments', 'rerun', 'result', 'media_link']
2025-03-17 10:46:00,414 - __main__ - DEBUG - logger.py - 45 - Data Types:
id                              int64
date                   datetime64[ns]
date_only              datetime64[ns]
profile_id                     object
name                           object
action                         object
post_content                   object
username                       object
translated_comments            object
rerun                          object
result                         object
media_link                     object
dtype: object
2025-03-17 10:46:00,424 - __main__ - DEBUG - logger.py - 46 - First few rows:
   id                    date  date_only  ... rerun                       result media_link
0   1 2024-11-18 17:46:00.214 2024-11-18  ...   NaN              Comment Success        NaN
1   2 2024-11-18 18:04:52.896 2024-11-18  ...   NaN  Repost Success through link        NaN
2   3 2024-11-18 18:06:17.085 2024-11-18  ...   NaN    Like Success through link        NaN
3   4 2024-11-18 18:09:43.525 2024-11-18  ...   NaN  Repost Success through link        NaN
4   5 2024-11-19 21:09:39.899 2024-11-19  ...   NaN                 Like Success        NaN

[5 rows x 12 columns]
2025-03-17 10:46:00,425 - __main__ - DEBUG - logger.py - 47 - ==================================================

2025-03-17 10:46:00,430 - __main__ - DEBUG - logger.py - 41 - 
==================================================
2025-03-17 10:46:00,431 - __main__ - DEBUG - logger.py - 42 - DataFrame Operation: After Date String Conversion
2025-03-17 10:46:00,431 - __main__ - DEBUG - logger.py - 43 - Shape: (1729, 12)
2025-03-17 10:46:00,431 - __main__ - DEBUG - logger.py - 44 - Columns: ['id', 'date', 'date_only', 'profile_id', 'name', 'action', 'post_content', 'username', 'translated_comments', 'rerun', 'result', 'media_link']
2025-03-17 10:46:00,432 - __main__ - DEBUG - logger.py - 45 - Data Types:
id                              int64
date                   datetime64[ns]
date_only              datetime64[ns]
profile_id                     object
name                           object
action                         object
post_content                   object
username                       object
translated_comments            object
rerun                          object
result                         object
media_link                     object
dtype: object
2025-03-17 10:46:00,442 - __main__ - DEBUG - logger.py - 46 - First few rows:
   id                    date  date_only  ... rerun                       result media_link
0   1 2024-11-18 17:46:00.214 2024-11-18  ...   NaN              Comment Success        NaN
1   2 2024-11-18 18:04:52.896 2024-11-18  ...   NaN  Repost Success through link        NaN
2   3 2024-11-18 18:06:17.085 2024-11-18  ...   NaN    Like Success through link        NaN
3   4 2024-11-18 18:09:43.525 2024-11-18  ...   NaN  Repost Success through link        NaN
4   5 2024-11-19 21:09:39.899 2024-11-19  ...   NaN                 Like Success        NaN

[5 rows x 12 columns]
2025-03-17 10:46:00,443 - __main__ - DEBUG - logger.py - 47 - ==================================================

2025-03-17 10:46:00,457 - __main__ - DEBUG - logger.py - 41 - 
==================================================
2025-03-17 10:46:00,457 - __main__ - DEBUG - logger.py - 42 - DataFrame Operation: Final DataFrame Before CSV Export
2025-03-17 10:46:00,458 - __main__ - DEBUG - logger.py - 43 - Shape: (1729, 12)
2025-03-17 10:46:00,458 - __main__ - DEBUG - logger.py - 44 - Columns: ['id', 'date', 'date_only', 'profile_id', 'name', 'action', 'post_content', 'username', 'translated_comments', 'rerun', 'result', 'media_link']
2025-03-17 10:46:00,459 - __main__ - DEBUG - logger.py - 45 - Data Types:
id                              int64
date                           object
date_only              datetime64[ns]
profile_id                     object
name                           object
action                         object
post_content                   object
username                       object
translated_comments            object
rerun                          object
result                         object
media_link                     object
dtype: object
2025-03-17 10:46:00,467 - __main__ - DEBUG - logger.py - 46 - First few rows:
   id                 date  date_only  ... rerun                       result media_link
0   1  2024-11-18 17:46:00 2024-11-18  ...   NaN              Comment Success        NaN
1   2  2024-11-18 18:04:52 2024-11-18  ...   NaN  Repost Success through link        NaN
2   3  2024-11-18 18:06:17 2024-11-18  ...   NaN    Like Success through link        NaN
3   4  2024-11-18 18:09:43 2024-11-18  ...   NaN  Repost Success through link        NaN
4   5  2024-11-19 21:09:39 2024-11-19  ...   NaN                 Like Success        NaN

[5 rows x 12 columns]
2025-03-17 10:46:00,467 - __main__ - DEBUG - logger.py - 47 - ==================================================

2025-03-17 10:46:00,480 - __main__ - DEBUG - full-report.py - 914 - CSV generation successful. Data size: 377386 bytes
2025-03-17 10:46:00,524 - __main__ - DEBUG - full-report.py - 973 - Raw data export triggered
2025-03-17 10:46:00,524 - __main__ - DEBUG - full-report.py - 421 - Fetching total engagements
2025-03-17 10:46:01,144 - __main__ - DEBUG - full-report.py - 436 - Found 1729 total engagements
2025-03-17 10:46:01,144 - __main__ - DEBUG - full-report.py - 453 - Fetching successful engagements
2025-03-17 10:46:01,716 - __main__ - DEBUG - full-report.py - 492 - Calculating success ratio
2025-03-17 10:46:01,718 - __main__ - DEBUG - full-report.py - 421 - Fetching total engagements
2025-03-17 10:46:02,320 - __main__ - DEBUG - full-report.py - 436 - Found 1729 total engagements
2025-03-17 10:46:02,320 - __main__ - DEBUG - full-report.py - 453 - Fetching successful engagements
2025-03-17 10:46:02,868 - __main__ - DEBUG - full-report.py - 500 - Success ratio: 93.64%
2025-03-17 10:46:03,456 - __main__ - DEBUG - full-report.py - 652 - Fetching user engagement data
2025-03-17 10:46:04,014 - __main__ - DEBUG - full-report.py - 672 - Found 5 user records
2025-03-17 10:46:04,014 - __main__ - DEBUG - full-report.py - 514 - Fetching engagement time series data
2025-03-17 10:46:04,584 - __main__ - DEBUG - full-report.py - 693 - Fetching rerun comparison data using Excel formula logic
2025-03-17 10:46:05,206 - __main__ - DEBUG - full-report.py - 779 - Metrics found - Initial: {'likes': 455, 'retweets': 433, 'comments': 597}, Rerun: {'likes': 503, 'retweets': 465, 'comments': 652}
2025-03-17 10:46:05,252 - __main__ - DEBUG - full-report.py - 800 - Fetching engagement time series data from 2025-03-11 00:00:00.252878 to 2025-03-17 23:59:59.252878
2025-03-17 10:58:55,267 - __main__ - DEBUG - full-report.py - 933 - Starting dashboard application
2025-03-17 10:58:56,578 - __main__ - DEBUG - logger.py - 41 - 
==================================================
2025-03-17 10:58:56,579 - __main__ - DEBUG - logger.py - 42 - DataFrame Operation: Initial Raw Data Before Processing
2025-03-17 10:58:56,580 - __main__ - DEBUG - logger.py - 43 - Shape: (1729, 12)
2025-03-17 10:58:56,581 - __main__ - DEBUG - logger.py - 44 - Columns: ['id', 'date', 'date_only', 'profile_id', 'name', 'action', 'post_content', 'username', 'translated_comments', 'rerun', 'result', 'media_link']
2025-03-17 10:58:56,596 - __main__ - DEBUG - logger.py - 45 - Data Types:
id                              int64
date                   datetime64[ns]
date_only              datetime64[ns]
profile_id                     object
name                           object
action                         object
post_content                   object
username                       object
translated_comments            object
rerun                          object
result                         object
media_link                     object
dtype: object
2025-03-17 10:58:56,654 - __main__ - DEBUG - logger.py - 46 - First few rows:
   id                    date  date_only  ... rerun                       result media_link
0   1 2024-11-18 17:46:00.214 2024-11-18  ...   NaN              Comment Success        NaN
1   2 2024-11-18 18:04:52.896 2024-11-18  ...   NaN  Repost Success through link        NaN
2   3 2024-11-18 18:06:17.085 2024-11-18  ...   NaN    Like Success through link        NaN
3   4 2024-11-18 18:09:43.525 2024-11-18  ...   NaN  Repost Success through link        NaN
4   5 2024-11-19 21:09:39.899 2024-11-19  ...   NaN                 Like Success        NaN

[5 rows x 12 columns]
2025-03-17 10:58:56,654 - __main__ - DEBUG - logger.py - 47 - ==================================================

2025-03-17 10:58:56,662 - __main__ - DEBUG - logger.py - 41 - 
==================================================
2025-03-17 10:58:56,662 - __main__ - DEBUG - logger.py - 42 - DataFrame Operation: After Date String Conversion
2025-03-17 10:58:56,662 - __main__ - DEBUG - logger.py - 43 - Shape: (1729, 12)
2025-03-17 10:58:56,662 - __main__ - DEBUG - logger.py - 44 - Columns: ['id', 'date', 'date_only', 'profile_id', 'name', 'action', 'post_content', 'username', 'translated_comments', 'rerun', 'result', 'media_link']
2025-03-17 10:58:56,665 - __main__ - DEBUG - logger.py - 45 - Data Types:
id                              int64
date                   datetime64[ns]
date_only              datetime64[ns]
profile_id                     object
name                           object
action                         object
post_content                   object
username                       object
translated_comments            object
rerun                          object
result                         object
media_link                     object
dtype: object
2025-03-17 10:58:56,675 - __main__ - DEBUG - logger.py - 46 - First few rows:
   id                    date  date_only  ... rerun                       result media_link
0   1 2024-11-18 17:46:00.214 2024-11-18  ...   NaN              Comment Success        NaN
1   2 2024-11-18 18:04:52.896 2024-11-18  ...   NaN  Repost Success through link        NaN
2   3 2024-11-18 18:06:17.085 2024-11-18  ...   NaN    Like Success through link        NaN
3   4 2024-11-18 18:09:43.525 2024-11-18  ...   NaN  Repost Success through link        NaN
4   5 2024-11-19 21:09:39.899 2024-11-19  ...   NaN                 Like Success        NaN

[5 rows x 12 columns]
2025-03-17 10:58:56,675 - __main__ - DEBUG - logger.py - 47 - ==================================================

2025-03-17 10:58:56,692 - __main__ - DEBUG - logger.py - 41 - 
==================================================
2025-03-17 10:58:56,692 - __main__ - DEBUG - logger.py - 42 - DataFrame Operation: Final DataFrame Before CSV Export
2025-03-17 10:58:56,692 - __main__ - DEBUG - logger.py - 43 - Shape: (1729, 12)
2025-03-17 10:58:56,692 - __main__ - DEBUG - logger.py - 44 - Columns: ['id', 'date', 'date_only', 'profile_id', 'name', 'action', 'post_content', 'username', 'translated_comments', 'rerun', 'result', 'media_link']
2025-03-17 10:58:56,693 - __main__ - DEBUG - logger.py - 45 - Data Types:
id                              int64
date                           object
date_only              datetime64[ns]
profile_id                     object
name                           object
action                         object
post_content                   object
username                       object
translated_comments            object
rerun                          object
result                         object
media_link                     object
dtype: object
2025-03-17 10:58:56,702 - __main__ - DEBUG - logger.py - 46 - First few rows:
   id                 date  date_only  ... rerun                       result media_link
0   1  2024-11-18 17:46:00 2024-11-18  ...   NaN              Comment Success        NaN
1   2  2024-11-18 18:04:52 2024-11-18  ...   NaN  Repost Success through link        NaN
2   3  2024-11-18 18:06:17 2024-11-18  ...   NaN    Like Success through link        NaN
3   4  2024-11-18 18:09:43 2024-11-18  ...   NaN  Repost Success through link        NaN
4   5  2024-11-19 21:09:39 2024-11-19  ...   NaN                 Like Success        NaN

[5 rows x 12 columns]
2025-03-17 10:58:56,702 - __main__ - DEBUG - logger.py - 47 - ==================================================

2025-03-17 10:58:56,722 - __main__ - DEBUG - full-report.py - 914 - CSV generation successful. Data size: 377386 bytes
2025-03-17 10:58:56,781 - __main__ - DEBUG - full-report.py - 421 - Fetching total engagements
2025-03-17 10:58:57,425 - __main__ - DEBUG - full-report.py - 436 - Found 1729 total engagements
2025-03-17 10:58:57,425 - __main__ - DEBUG - full-report.py - 453 - Fetching successful engagements
2025-03-17 10:58:58,074 - __main__ - DEBUG - full-report.py - 492 - Calculating success ratio
2025-03-17 10:58:58,075 - __main__ - DEBUG - full-report.py - 421 - Fetching total engagements
2025-03-17 10:58:58,745 - __main__ - DEBUG - full-report.py - 436 - Found 1729 total engagements
2025-03-17 10:58:58,746 - __main__ - DEBUG - full-report.py - 453 - Fetching successful engagements
2025-03-17 10:58:59,517 - __main__ - DEBUG - full-report.py - 500 - Success ratio: 93.64%
2025-03-17 10:59:00,201 - __main__ - DEBUG - full-report.py - 652 - Fetching user engagement data
2025-03-17 10:59:00,927 - __main__ - DEBUG - full-report.py - 672 - Found 5 user records
2025-03-17 10:59:00,928 - __main__ - DEBUG - full-report.py - 514 - Fetching engagement time series data
2025-03-17 10:59:01,610 - __main__ - DEBUG - full-report.py - 693 - Fetching rerun comparison data using Excel formula logic
2025-03-17 10:59:02,256 - __main__ - DEBUG - full-report.py - 779 - Metrics found - Initial: {'likes': 455, 'retweets': 433, 'comments': 597}, Rerun: {'likes': 503, 'retweets': 465, 'comments': 652}
2025-03-17 10:59:02,463 - __main__ - DEBUG - full-report.py - 800 - Fetching engagement time series data from 2025-03-11 00:00:00.463901 to 2025-03-17 23:59:59.463901
2025-03-17 11:01:00,764 - __main__ - DEBUG - full-report.py - 933 - Starting dashboard application
2025-03-17 11:01:01,802 - __main__ - DEBUG - logger.py - 41 - 
==================================================
2025-03-17 11:01:01,803 - __main__ - DEBUG - logger.py - 42 - DataFrame Operation: Initial Raw Data Before Processing
2025-03-17 11:01:01,804 - __main__ - DEBUG - logger.py - 43 - Shape: (1729, 12)
2025-03-17 11:01:01,804 - __main__ - DEBUG - logger.py - 44 - Columns: ['id', 'date', 'date_only', 'profile_id', 'name', 'action', 'post_content', 'username', 'translated_comments', 'rerun', 'result', 'media_link']
2025-03-17 11:01:01,806 - __main__ - DEBUG - logger.py - 45 - Data Types:
id                              int64
date                   datetime64[ns]
date_only              datetime64[ns]
profile_id                     object
name                           object
action                         object
post_content                   object
username                       object
translated_comments            object
rerun                          object
result                         object
media_link                     object
dtype: object
2025-03-17 11:01:01,820 - __main__ - DEBUG - logger.py - 46 - First few rows:
   id                    date  date_only  ... rerun                       result media_link
0   1 2024-11-18 17:46:00.214 2024-11-18  ...   NaN              Comment Success        NaN
1   2 2024-11-18 18:04:52.896 2024-11-18  ...   NaN  Repost Success through link        NaN
2   3 2024-11-18 18:06:17.085 2024-11-18  ...   NaN    Like Success through link        NaN
3   4 2024-11-18 18:09:43.525 2024-11-18  ...   NaN  Repost Success through link        NaN
4   5 2024-11-19 21:09:39.899 2024-11-19  ...   NaN                 Like Success        NaN

[5 rows x 12 columns]
2025-03-17 11:01:01,821 - __main__ - DEBUG - logger.py - 47 - ==================================================

2025-03-17 11:01:01,827 - __main__ - DEBUG - logger.py - 41 - 
==================================================
2025-03-17 11:01:01,827 - __main__ - DEBUG - logger.py - 42 - DataFrame Operation: After Date String Conversion
2025-03-17 11:01:01,828 - __main__ - DEBUG - logger.py - 43 - Shape: (1729, 12)
2025-03-17 11:01:01,828 - __main__ - DEBUG - logger.py - 44 - Columns: ['id', 'date', 'date_only', 'profile_id', 'name', 'action', 'post_content', 'username', 'translated_comments', 'rerun', 'result', 'media_link']
2025-03-17 11:01:01,828 - __main__ - DEBUG - logger.py - 45 - Data Types:
id                              int64
date                   datetime64[ns]
date_only              datetime64[ns]
profile_id                     object
name                           object
action                         object
post_content                   object
username                       object
translated_comments            object
rerun                          object
result                         object
media_link                     object
dtype: object
2025-03-17 11:01:01,836 - __main__ - DEBUG - logger.py - 46 - First few rows:
   id                    date  date_only  ... rerun                       result media_link
0   1 2024-11-18 17:46:00.214 2024-11-18  ...   NaN              Comment Success        NaN
1   2 2024-11-18 18:04:52.896 2024-11-18  ...   NaN  Repost Success through link        NaN
2   3 2024-11-18 18:06:17.085 2024-11-18  ...   NaN    Like Success through link        NaN
3   4 2024-11-18 18:09:43.525 2024-11-18  ...   NaN  Repost Success through link        NaN
4   5 2024-11-19 21:09:39.899 2024-11-19  ...   NaN                 Like Success        NaN

[5 rows x 12 columns]
2025-03-17 11:01:01,837 - __main__ - DEBUG - logger.py - 47 - ==================================================

2025-03-17 11:01:01,850 - __main__ - DEBUG - logger.py - 41 - 
==================================================
2025-03-17 11:01:01,850 - __main__ - DEBUG - logger.py - 42 - DataFrame Operation: Final DataFrame Before CSV Export
2025-03-17 11:01:01,850 - __main__ - DEBUG - logger.py - 43 - Shape: (1729, 12)
2025-03-17 11:01:01,851 - __main__ - DEBUG - logger.py - 44 - Columns: ['id', 'date', 'date_only', 'profile_id', 'name', 'action', 'post_content', 'username', 'translated_comments', 'rerun', 'result', 'media_link']
2025-03-17 11:01:01,851 - __main__ - DEBUG - logger.py - 45 - Data Types:
id                              int64
date                           object
date_only              datetime64[ns]
profile_id                     object
name                           object
action                         object
post_content                   object
username                       object
translated_comments            object
rerun                          object
result                         object
media_link                     object
dtype: object
2025-03-17 11:01:01,859 - __main__ - DEBUG - logger.py - 46 - First few rows:
   id                 date  date_only  ... rerun                       result media_link
0   1  2024-11-18 17:46:00 2024-11-18  ...   NaN              Comment Success        NaN
1   2  2024-11-18 18:04:52 2024-11-18  ...   NaN  Repost Success through link        NaN
2   3  2024-11-18 18:06:17 2024-11-18  ...   NaN    Like Success through link        NaN
3   4  2024-11-18 18:09:43 2024-11-18  ...   NaN  Repost Success through link        NaN
4   5  2024-11-19 21:09:39 2024-11-19  ...   NaN                 Like Success        NaN

[5 rows x 12 columns]
2025-03-17 11:01:01,859 - __main__ - DEBUG - logger.py - 47 - ==================================================

2025-03-17 11:01:01,901 - __main__ - DEBUG - full-report.py - 914 - CSV generation successful. Data size: 377386 bytes
2025-03-17 11:01:01,953 - __main__ - DEBUG - full-report.py - 421 - Fetching total engagements
2025-03-17 11:01:02,510 - __main__ - DEBUG - full-report.py - 436 - Found 1729 total engagements
2025-03-17 11:01:02,510 - __main__ - DEBUG - full-report.py - 453 - Fetching successful engagements
2025-03-17 11:01:03,246 - __main__ - DEBUG - full-report.py - 492 - Calculating success ratio
2025-03-17 11:01:03,246 - __main__ - DEBUG - full-report.py - 421 - Fetching total engagements
2025-03-17 11:01:03,857 - __main__ - DEBUG - full-report.py - 436 - Found 1729 total engagements
2025-03-17 11:01:03,857 - __main__ - DEBUG - full-report.py - 453 - Fetching successful engagements
2025-03-17 11:01:04,573 - __main__ - DEBUG - full-report.py - 500 - Success ratio: 93.64%
2025-03-17 11:01:05,189 - __main__ - DEBUG - full-report.py - 652 - Fetching user engagement data
2025-03-17 11:01:05,753 - __main__ - DEBUG - full-report.py - 672 - Found 5 user records
2025-03-17 11:01:05,755 - __main__ - DEBUG - full-report.py - 514 - Fetching engagement time series data
2025-03-17 11:01:06,317 - __main__ - DEBUG - full-report.py - 693 - Fetching rerun comparison data using Excel formula logic
2025-03-17 11:01:06,995 - __main__ - DEBUG - full-report.py - 779 - Metrics found - Initial: {'likes': 455, 'retweets': 433, 'comments': 597}, Rerun: {'likes': 503, 'retweets': 465, 'comments': 652}
2025-03-17 11:01:07,188 - __main__ - DEBUG - full-report.py - 800 - Fetching engagement time series data from 2025-03-11 00:00:00.188550 to 2025-03-17 23:59:59.188550
2025-03-17 11:01:08,915 - __main__ - DEBUG - full-report.py - 933 - Starting dashboard application
2025-03-17 11:01:09,749 - __main__ - DEBUG - logger.py - 41 - 
==================================================
2025-03-17 11:01:09,750 - __main__ - DEBUG - logger.py - 42 - DataFrame Operation: Initial Raw Data Before Processing
2025-03-17 11:01:09,750 - __main__ - DEBUG - logger.py - 43 - Shape: (1729, 12)
2025-03-17 11:01:09,750 - __main__ - DEBUG - logger.py - 44 - Columns: ['id', 'date', 'date_only', 'profile_id', 'name', 'action', 'post_content', 'username', 'translated_comments', 'rerun', 'result', 'media_link']
2025-03-17 11:01:09,752 - __main__ - DEBUG - logger.py - 45 - Data Types:
id                              int64
date                   datetime64[ns]
date_only              datetime64[ns]
profile_id                     object
name                           object
action                         object
post_content                   object
username                       object
translated_comments            object
rerun                          object
result                         object
media_link                     object
dtype: object
2025-03-17 11:01:09,762 - __main__ - DEBUG - logger.py - 46 - First few rows:
   id                    date  date_only  ... rerun                       result media_link
0   1 2024-11-18 17:46:00.214 2024-11-18  ...   NaN              Comment Success        NaN
1   2 2024-11-18 18:04:52.896 2024-11-18  ...   NaN  Repost Success through link        NaN
2   3 2024-11-18 18:06:17.085 2024-11-18  ...   NaN    Like Success through link        NaN
3   4 2024-11-18 18:09:43.525 2024-11-18  ...   NaN  Repost Success through link        NaN
4   5 2024-11-19 21:09:39.899 2024-11-19  ...   NaN                 Like Success        NaN

[5 rows x 12 columns]
2025-03-17 11:01:09,762 - __main__ - DEBUG - logger.py - 47 - ==================================================

2025-03-17 11:01:09,768 - __main__ - DEBUG - logger.py - 41 - 
==================================================
2025-03-17 11:01:09,768 - __main__ - DEBUG - logger.py - 42 - DataFrame Operation: After Date String Conversion
2025-03-17 11:01:09,769 - __main__ - DEBUG - logger.py - 43 - Shape: (1729, 12)
2025-03-17 11:01:09,769 - __main__ - DEBUG - logger.py - 44 - Columns: ['id', 'date', 'date_only', 'profile_id', 'name', 'action', 'post_content', 'username', 'translated_comments', 'rerun', 'result', 'media_link']
2025-03-17 11:01:09,771 - __main__ - DEBUG - logger.py - 45 - Data Types:
id                              int64
date                   datetime64[ns]
date_only              datetime64[ns]
profile_id                     object
name                           object
action                         object
post_content                   object
username                       object
translated_comments            object
rerun                          object
result                         object
media_link                     object
dtype: object
2025-03-17 11:01:09,782 - __main__ - DEBUG - logger.py - 46 - First few rows:
   id                    date  date_only  ... rerun                       result media_link
0   1 2024-11-18 17:46:00.214 2024-11-18  ...   NaN              Comment Success        NaN
1   2 2024-11-18 18:04:52.896 2024-11-18  ...   NaN  Repost Success through link        NaN
2   3 2024-11-18 18:06:17.085 2024-11-18  ...   NaN    Like Success through link        NaN
3   4 2024-11-18 18:09:43.525 2024-11-18  ...   NaN  Repost Success through link        NaN
4   5 2024-11-19 21:09:39.899 2024-11-19  ...   NaN                 Like Success        NaN

[5 rows x 12 columns]
2025-03-17 11:01:09,782 - __main__ - DEBUG - logger.py - 47 - ==================================================

2025-03-17 11:01:09,805 - __main__ - DEBUG - logger.py - 41 - 
==================================================
2025-03-17 11:01:09,805 - __main__ - DEBUG - logger.py - 42 - DataFrame Operation: Final DataFrame Before CSV Export
2025-03-17 11:01:09,806 - __main__ - DEBUG - logger.py - 43 - Shape: (1729, 12)
2025-03-17 11:01:09,806 - __main__ - DEBUG - logger.py - 44 - Columns: ['id', 'date', 'date_only', 'profile_id', 'name', 'action', 'post_content', 'username', 'translated_comments', 'rerun', 'result', 'media_link']
2025-03-17 11:01:09,807 - __main__ - DEBUG - logger.py - 45 - Data Types:
id                              int64
date                           object
date_only              datetime64[ns]
profile_id                     object
name                           object
action                         object
post_content                   object
username                       object
translated_comments            object
rerun                          object
result                         object
media_link                     object
dtype: object
2025-03-17 11:01:09,816 - __main__ - DEBUG - logger.py - 46 - First few rows:
   id                 date  date_only  ... rerun                       result media_link
0   1  2024-11-18 17:46:00 2024-11-18  ...   NaN              Comment Success        NaN
1   2  2024-11-18 18:04:52 2024-11-18  ...   NaN  Repost Success through link        NaN
2   3  2024-11-18 18:06:17 2024-11-18  ...   NaN    Like Success through link        NaN
3   4  2024-11-18 18:09:43 2024-11-18  ...   NaN  Repost Success through link        NaN
4   5  2024-11-19 21:09:39 2024-11-19  ...   NaN                 Like Success        NaN

[5 rows x 12 columns]
2025-03-17 11:01:09,818 - __main__ - DEBUG - logger.py - 47 - ==================================================

2025-03-17 11:01:09,834 - __main__ - DEBUG - full-report.py - 914 - CSV generation successful. Data size: 377386 bytes
2025-03-17 11:01:09,884 - __main__ - DEBUG - full-report.py - 973 - Raw data export triggered
2025-03-17 11:01:09,884 - __main__ - DEBUG - full-report.py - 421 - Fetching total engagements
2025-03-17 11:01:10,494 - __main__ - DEBUG - full-report.py - 436 - Found 1729 total engagements
2025-03-17 11:01:10,494 - __main__ - DEBUG - full-report.py - 453 - Fetching successful engagements
2025-03-17 11:01:11,288 - __main__ - DEBUG - full-report.py - 492 - Calculating success ratio
2025-03-17 11:01:11,288 - __main__ - DEBUG - full-report.py - 421 - Fetching total engagements
2025-03-17 11:01:12,099 - __main__ - DEBUG - full-report.py - 436 - Found 1729 total engagements
2025-03-17 11:01:12,099 - __main__ - DEBUG - full-report.py - 453 - Fetching successful engagements
2025-03-17 11:01:12,844 - __main__ - DEBUG - full-report.py - 500 - Success ratio: 93.64%
2025-03-17 11:01:13,469 - __main__ - DEBUG - full-report.py - 652 - Fetching user engagement data
2025-03-17 11:01:14,076 - __main__ - DEBUG - full-report.py - 672 - Found 5 user records
2025-03-17 11:01:14,076 - __main__ - DEBUG - full-report.py - 514 - Fetching engagement time series data
2025-03-17 11:01:14,775 - __main__ - DEBUG - full-report.py - 693 - Fetching rerun comparison data using Excel formula logic
2025-03-17 11:01:15,530 - __main__ - DEBUG - full-report.py - 779 - Metrics found - Initial: {'likes': 455, 'retweets': 433, 'comments': 597}, Rerun: {'likes': 503, 'retweets': 465, 'comments': 652}
2025-03-17 11:01:15,569 - __main__ - DEBUG - full-report.py - 800 - Fetching engagement time series data from 2025-03-11 00:00:00.569667 to 2025-03-17 23:59:59.569667
2025-03-17 11:03:46,539 - __main__ - DEBUG - full-report.py - 920 - Starting dashboard application
2025-03-17 11:03:48,495 - __main__ - DEBUG - full-report.py - 905 - Excel generation successful. Data size: 131847 bytes
2025-03-17 11:03:48,545 - __main__ - DEBUG - full-report.py - 422 - Fetching total engagements
2025-03-17 11:03:49,124 - __main__ - DEBUG - full-report.py - 437 - Found 1729 total engagements
2025-03-17 11:03:49,125 - __main__ - DEBUG - full-report.py - 454 - Fetching successful engagements
2025-03-17 11:03:49,702 - __main__ - DEBUG - full-report.py - 493 - Calculating success ratio
2025-03-17 11:03:49,703 - __main__ - DEBUG - full-report.py - 422 - Fetching total engagements
2025-03-17 11:03:50,281 - __main__ - DEBUG - full-report.py - 437 - Found 1729 total engagements
2025-03-17 11:03:50,281 - __main__ - DEBUG - full-report.py - 454 - Fetching successful engagements
2025-03-17 11:03:50,945 - __main__ - DEBUG - full-report.py - 501 - Success ratio: 93.64%
2025-03-17 11:03:51,522 - __main__ - DEBUG - full-report.py - 653 - Fetching user engagement data
2025-03-17 11:03:52,111 - __main__ - DEBUG - full-report.py - 673 - Found 5 user records
2025-03-17 11:03:52,111 - __main__ - DEBUG - full-report.py - 515 - Fetching engagement time series data
2025-03-17 11:03:52,689 - __main__ - DEBUG - full-report.py - 694 - Fetching rerun comparison data using Excel formula logic
2025-03-17 11:03:53,404 - __main__ - DEBUG - full-report.py - 780 - Metrics found - Initial: {'likes': 455, 'retweets': 433, 'comments': 597}, Rerun: {'likes': 503, 'retweets': 465, 'comments': 652}
2025-03-17 11:03:53,579 - __main__ - DEBUG - full-report.py - 801 - Fetching engagement time series data from 2025-03-11 00:00:00.579474 to 2025-03-17 23:59:59.579474
2025-03-17 11:03:57,465 - __main__ - DEBUG - full-report.py - 920 - Starting dashboard application
2025-03-17 11:03:58,610 - __main__ - DEBUG - full-report.py - 905 - Excel generation successful. Data size: 131846 bytes
2025-03-17 11:03:58,679 - __main__ - DEBUG - full-report.py - 959 - Raw data export triggered
2025-03-17 11:03:58,680 - __main__ - DEBUG - full-report.py - 422 - Fetching total engagements
2025-03-17 11:03:59,378 - __main__ - DEBUG - full-report.py - 437 - Found 1729 total engagements
2025-03-17 11:03:59,379 - __main__ - DEBUG - full-report.py - 454 - Fetching successful engagements
2025-03-17 11:03:59,960 - __main__ - DEBUG - full-report.py - 493 - Calculating success ratio
2025-03-17 11:03:59,960 - __main__ - DEBUG - full-report.py - 422 - Fetching total engagements
2025-03-17 11:04:00,506 - __main__ - DEBUG - full-report.py - 437 - Found 1729 total engagements
2025-03-17 11:04:00,508 - __main__ - DEBUG - full-report.py - 454 - Fetching successful engagements
2025-03-17 11:04:01,082 - __main__ - DEBUG - full-report.py - 501 - Success ratio: 93.64%
2025-03-17 11:04:01,600 - __main__ - DEBUG - full-report.py - 653 - Fetching user engagement data
2025-03-17 11:04:02,168 - __main__ - DEBUG - full-report.py - 673 - Found 5 user records
2025-03-17 11:04:02,169 - __main__ - DEBUG - full-report.py - 515 - Fetching engagement time series data
2025-03-17 11:04:02,757 - __main__ - DEBUG - full-report.py - 694 - Fetching rerun comparison data using Excel formula logic
2025-03-17 11:04:03,377 - __main__ - DEBUG - full-report.py - 780 - Metrics found - Initial: {'likes': 455, 'retweets': 433, 'comments': 597}, Rerun: {'likes': 503, 'retweets': 465, 'comments': 652}
2025-03-17 11:04:03,414 - __main__ - DEBUG - full-report.py - 801 - Fetching engagement time series data from 2025-03-11 00:00:00.414785 to 2025-03-17 23:59:59.414785
2025-03-17 11:05:03,658 - __main__ - DEBUG - full-report.py - 920 - Starting dashboard application
2025-03-17 11:05:04,778 - __main__ - DEBUG - full-report.py - 905 - Excel generation successful. Data size: 131847 bytes
2025-03-17 11:05:04,823 - __main__ - DEBUG - full-report.py - 422 - Fetching total engagements
2025-03-17 11:05:05,391 - __main__ - DEBUG - full-report.py - 437 - Found 1729 total engagements
2025-03-17 11:05:05,391 - __main__ - DEBUG - full-report.py - 454 - Fetching successful engagements
2025-03-17 11:05:05,984 - __main__ - DEBUG - full-report.py - 493 - Calculating success ratio
2025-03-17 11:05:05,984 - __main__ - DEBUG - full-report.py - 422 - Fetching total engagements
2025-03-17 11:05:06,560 - __main__ - DEBUG - full-report.py - 437 - Found 1729 total engagements
2025-03-17 11:05:06,560 - __main__ - DEBUG - full-report.py - 454 - Fetching successful engagements
2025-03-17 11:05:07,115 - __main__ - DEBUG - full-report.py - 501 - Success ratio: 93.64%
2025-03-17 11:05:07,686 - __main__ - DEBUG - full-report.py - 653 - Fetching user engagement data
2025-03-17 11:05:08,332 - __main__ - DEBUG - full-report.py - 673 - Found 5 user records
2025-03-17 11:05:08,333 - __main__ - DEBUG - full-report.py - 515 - Fetching engagement time series data
2025-03-17 11:05:08,942 - __main__ - DEBUG - full-report.py - 694 - Fetching rerun comparison data using Excel formula logic
2025-03-17 11:05:09,575 - __main__ - DEBUG - full-report.py - 780 - Metrics found - Initial: {'likes': 455, 'retweets': 433, 'comments': 597}, Rerun: {'likes': 503, 'retweets': 465, 'comments': 652}
2025-03-17 11:05:09,607 - __main__ - DEBUG - full-report.py - 801 - Fetching engagement time series data from 2025-03-11 00:00:00.607976 to 2025-03-17 23:59:59.607976
2025-03-17 11:05:50,949 - __main__ - DEBUG - full-report.py - 920 - Starting dashboard application
2025-03-17 11:05:52,041 - __main__ - DEBUG - full-report.py - 905 - Excel generation successful. Data size: 131846 bytes
2025-03-17 11:05:52,088 - __main__ - DEBUG - full-report.py - 422 - Fetching total engagements
2025-03-17 11:05:52,706 - __main__ - DEBUG - full-report.py - 437 - Found 1729 total engagements
2025-03-17 11:05:52,706 - __main__ - DEBUG - full-report.py - 454 - Fetching successful engagements
2025-03-17 11:05:53,410 - __main__ - DEBUG - full-report.py - 493 - Calculating success ratio
2025-03-17 11:05:53,410 - __main__ - DEBUG - full-report.py - 422 - Fetching total engagements
2025-03-17 11:05:54,054 - __main__ - DEBUG - full-report.py - 437 - Found 1729 total engagements
2025-03-17 11:05:54,054 - __main__ - DEBUG - full-report.py - 454 - Fetching successful engagements
2025-03-17 11:05:54,647 - __main__ - DEBUG - full-report.py - 501 - Success ratio: 93.64%
2025-03-17 11:05:55,218 - __main__ - DEBUG - full-report.py - 653 - Fetching user engagement data
2025-03-17 11:05:55,755 - __main__ - DEBUG - full-report.py - 673 - Found 5 user records
2025-03-17 11:05:55,755 - __main__ - DEBUG - full-report.py - 515 - Fetching engagement time series data
2025-03-17 11:05:56,349 - __main__ - DEBUG - full-report.py - 694 - Fetching rerun comparison data using Excel formula logic
2025-03-17 11:05:56,962 - __main__ - DEBUG - full-report.py - 780 - Metrics found - Initial: {'likes': 455, 'retweets': 433, 'comments': 597}, Rerun: {'likes': 503, 'retweets': 465, 'comments': 652}
2025-03-17 11:05:56,999 - __main__ - DEBUG - full-report.py - 801 - Fetching engagement time series data from 2025-03-11 00:00:00.999322 to 2025-03-17 23:59:59.999322
2025-03-17 11:08:37,226 - __main__ - DEBUG - full-report.py - 920 - Starting dashboard application
2025-03-17 11:08:37,230 - __main__ - DEBUG - full-report.py - 947 - Manual refresh triggered
2025-03-17 11:08:37,321 - __main__ - DEBUG - full-report.py - 920 - Starting dashboard application
2025-03-17 11:08:38,431 - __main__ - DEBUG - full-report.py - 905 - Excel generation successful. Data size: 131917 bytes
2025-03-17 11:08:38,480 - __main__ - DEBUG - full-report.py - 422 - Fetching total engagements
2025-03-17 11:08:39,193 - __main__ - DEBUG - full-report.py - 437 - Found 1730 total engagements
2025-03-17 11:08:39,193 - __main__ - DEBUG - full-report.py - 454 - Fetching successful engagements
2025-03-17 11:08:39,849 - __main__ - DEBUG - full-report.py - 493 - Calculating success ratio
2025-03-17 11:08:39,849 - __main__ - DEBUG - full-report.py - 422 - Fetching total engagements
2025-03-17 11:08:40,453 - __main__ - DEBUG - full-report.py - 437 - Found 1730 total engagements
2025-03-17 11:08:40,453 - __main__ - DEBUG - full-report.py - 454 - Fetching successful engagements
2025-03-17 11:08:41,019 - __main__ - DEBUG - full-report.py - 501 - Success ratio: 93.64%
2025-03-17 11:08:41,626 - __main__ - DEBUG - full-report.py - 653 - Fetching user engagement data
2025-03-17 11:08:42,163 - __main__ - DEBUG - full-report.py - 673 - Found 5 user records
2025-03-17 11:08:42,163 - __main__ - DEBUG - full-report.py - 515 - Fetching engagement time series data
2025-03-17 11:08:42,811 - __main__ - DEBUG - full-report.py - 694 - Fetching rerun comparison data using Excel formula logic
2025-03-17 11:08:43,546 - __main__ - DEBUG - full-report.py - 780 - Metrics found - Initial: {'likes': 455, 'retweets': 433, 'comments': 598}, Rerun: {'likes': 503, 'retweets': 465, 'comments': 653}
2025-03-17 11:08:43,576 - __main__ - DEBUG - full-report.py - 801 - Fetching engagement time series data from 2025-03-11 00:00:00.576998 to 2025-03-17 23:59:59.576998
2025-03-17 11:09:05,636 - __main__ - DEBUG - full-report.py - 920 - Starting dashboard application
2025-03-17 11:09:06,629 - __main__ - DEBUG - full-report.py - 905 - Excel generation successful. Data size: 131918 bytes
2025-03-17 11:09:06,671 - __main__ - DEBUG - full-report.py - 959 - Raw data export triggered
2025-03-17 11:09:06,672 - __main__ - DEBUG - full-report.py - 422 - Fetching total engagements
2025-03-17 11:09:07,211 - __main__ - DEBUG - full-report.py - 437 - Found 1730 total engagements
2025-03-17 11:09:07,211 - __main__ - DEBUG - full-report.py - 454 - Fetching successful engagements
2025-03-17 11:09:07,726 - __main__ - DEBUG - full-report.py - 493 - Calculating success ratio
2025-03-17 11:09:07,727 - __main__ - DEBUG - full-report.py - 422 - Fetching total engagements
2025-03-17 11:09:08,288 - __main__ - DEBUG - full-report.py - 437 - Found 1730 total engagements
2025-03-17 11:09:08,288 - __main__ - DEBUG - full-report.py - 454 - Fetching successful engagements
2025-03-17 11:09:08,822 - __main__ - DEBUG - full-report.py - 501 - Success ratio: 93.64%
2025-03-17 11:09:09,427 - __main__ - DEBUG - full-report.py - 653 - Fetching user engagement data
2025-03-17 11:09:10,042 - __main__ - DEBUG - full-report.py - 673 - Found 5 user records
2025-03-17 11:09:10,042 - __main__ - DEBUG - full-report.py - 515 - Fetching engagement time series data
2025-03-17 11:09:10,596 - __main__ - DEBUG - full-report.py - 694 - Fetching rerun comparison data using Excel formula logic
2025-03-17 11:09:11,180 - __main__ - DEBUG - full-report.py - 780 - Metrics found - Initial: {'likes': 455, 'retweets': 433, 'comments': 598}, Rerun: {'likes': 503, 'retweets': 465, 'comments': 653}
2025-03-17 11:09:11,209 - __main__ - DEBUG - full-report.py - 801 - Fetching engagement time series data from 2025-03-11 00:00:00.209908 to 2025-03-17 23:59:59.209908
2025-03-17 11:18:29,384 - __main__ - DEBUG - full-report.py - 920 - Starting dashboard application
2025-03-17 11:18:30,903 - __main__ - DEBUG - full-report.py - 905 - Excel generation successful. Data size: 131918 bytes
2025-03-17 11:18:30,950 - __main__ - DEBUG - full-report.py - 422 - Fetching total engagements
2025-03-17 11:18:31,665 - __main__ - DEBUG - full-report.py - 437 - Found 1730 total engagements
2025-03-17 11:18:31,665 - __main__ - DEBUG - full-report.py - 454 - Fetching successful engagements
2025-03-17 11:18:32,247 - __main__ - DEBUG - full-report.py - 493 - Calculating success ratio
2025-03-17 11:18:32,247 - __main__ - DEBUG - full-report.py - 422 - Fetching total engagements
2025-03-17 11:18:32,851 - __main__ - DEBUG - full-report.py - 437 - Found 1730 total engagements
2025-03-17 11:18:32,851 - __main__ - DEBUG - full-report.py - 454 - Fetching successful engagements
2025-03-17 11:18:33,387 - __main__ - DEBUG - full-report.py - 501 - Success ratio: 93.64%
2025-03-17 11:18:33,967 - __main__ - DEBUG - full-report.py - 653 - Fetching user engagement data
2025-03-17 11:18:34,564 - __main__ - DEBUG - full-report.py - 673 - Found 5 user records
2025-03-17 11:18:34,564 - __main__ - DEBUG - full-report.py - 515 - Fetching engagement time series data
2025-03-17 11:18:35,194 - __main__ - DEBUG - full-report.py - 694 - Fetching rerun comparison data using Excel formula logic
2025-03-17 11:18:35,894 - __main__ - DEBUG - full-report.py - 780 - Metrics found - Initial: {'likes': 455, 'retweets': 433, 'comments': 598}, Rerun: {'likes': 503, 'retweets': 465, 'comments': 653}
2025-03-17 11:18:36,094 - __main__ - DEBUG - full-report.py - 801 - Fetching engagement time series data from 2025-03-11 00:00:00.094265 to 2025-03-17 23:59:59.094265
2025-03-17 11:20:22,247 - __main__ - DEBUG - full-report.py - 920 - Starting dashboard application
2025-03-17 11:20:23,479 - __main__ - DEBUG - full-report.py - 905 - Excel generation successful. Data size: 131917 bytes
2025-03-17 11:20:23,555 - __main__ - DEBUG - full-report.py - 422 - Fetching total engagements
2025-03-17 11:20:24,303 - __main__ - DEBUG - full-report.py - 437 - Found 1730 total engagements
2025-03-17 11:20:24,303 - __main__ - DEBUG - full-report.py - 454 - Fetching successful engagements
2025-03-17 11:20:25,001 - __main__ - DEBUG - full-report.py - 493 - Calculating success ratio
2025-03-17 11:20:25,002 - __main__ - DEBUG - full-report.py - 422 - Fetching total engagements
2025-03-17 11:20:25,620 - __main__ - DEBUG - full-report.py - 437 - Found 1730 total engagements
2025-03-17 11:20:25,621 - __main__ - DEBUG - full-report.py - 454 - Fetching successful engagements
2025-03-17 11:20:26,380 - __main__ - DEBUG - full-report.py - 501 - Success ratio: 93.64%
2025-03-17 11:20:27,030 - __main__ - DEBUG - full-report.py - 653 - Fetching user engagement data
2025-03-17 11:20:27,607 - __main__ - DEBUG - full-report.py - 673 - Found 5 user records
2025-03-17 11:20:27,607 - __main__ - DEBUG - full-report.py - 515 - Fetching engagement time series data
2025-03-17 11:20:28,197 - __main__ - DEBUG - full-report.py - 694 - Fetching rerun comparison data using Excel formula logic
2025-03-17 11:20:28,845 - __main__ - DEBUG - full-report.py - 780 - Metrics found - Initial: {'likes': 455, 'retweets': 433, 'comments': 598}, Rerun: {'likes': 503, 'retweets': 465, 'comments': 653}
2025-03-17 11:20:28,879 - __main__ - DEBUG - full-report.py - 801 - Fetching engagement time series data from 2025-03-11 00:00:00.879382 to 2025-03-17 23:59:59.879382
2025-03-17 11:23:01,102 - __main__ - DEBUG - full-report.py - 920 - Starting dashboard application
2025-03-17 11:23:02,505 - __main__ - DEBUG - full-report.py - 905 - Excel generation successful. Data size: 131917 bytes
2025-03-17 11:23:02,590 - __main__ - DEBUG - full-report.py - 422 - Fetching total engagements
2025-03-17 11:23:03,428 - __main__ - DEBUG - full-report.py - 437 - Found 1730 total engagements
2025-03-17 11:23:03,428 - __main__ - DEBUG - full-report.py - 454 - Fetching successful engagements
2025-03-17 11:23:04,066 - __main__ - DEBUG - full-report.py - 493 - Calculating success ratio
2025-03-17 11:23:04,066 - __main__ - DEBUG - full-report.py - 422 - Fetching total engagements
2025-03-17 11:23:04,681 - __main__ - DEBUG - full-report.py - 437 - Found 1730 total engagements
2025-03-17 11:23:04,681 - __main__ - DEBUG - full-report.py - 454 - Fetching successful engagements
2025-03-17 11:23:05,283 - __main__ - DEBUG - full-report.py - 501 - Success ratio: 93.64%
2025-03-17 11:23:05,883 - __main__ - DEBUG - full-report.py - 653 - Fetching user engagement data
2025-03-17 11:23:06,479 - __main__ - DEBUG - full-report.py - 673 - Found 5 user records
2025-03-17 11:23:06,480 - __main__ - DEBUG - full-report.py - 515 - Fetching engagement time series data
2025-03-17 11:23:07,174 - __main__ - DEBUG - full-report.py - 694 - Fetching rerun comparison data using Excel formula logic
2025-03-17 11:23:07,892 - __main__ - DEBUG - full-report.py - 780 - Metrics found - Initial: {'likes': 455, 'retweets': 433, 'comments': 598}, Rerun: {'likes': 503, 'retweets': 465, 'comments': 653}
2025-03-17 11:23:07,933 - __main__ - DEBUG - full-report.py - 801 - Fetching engagement time series data from 2025-03-11 00:00:00.933756 to 2025-03-17 23:59:59.933756
2025-03-17 11:24:43,139 - __main__ - DEBUG - full-report.py - 920 - Starting dashboard application
2025-03-17 11:24:44,447 - __main__ - DEBUG - full-report.py - 905 - Excel generation successful. Data size: 131918 bytes
2025-03-17 11:24:44,489 - __main__ - DEBUG - full-report.py - 422 - Fetching total engagements
2025-03-17 11:24:45,152 - __main__ - DEBUG - full-report.py - 437 - Found 1730 total engagements
2025-03-17 11:24:45,152 - __main__ - DEBUG - full-report.py - 454 - Fetching successful engagements
2025-03-17 11:24:45,747 - __main__ - DEBUG - full-report.py - 493 - Calculating success ratio
2025-03-17 11:24:45,747 - __main__ - DEBUG - full-report.py - 422 - Fetching total engagements
2025-03-17 11:24:46,429 - __main__ - DEBUG - full-report.py - 437 - Found 1730 total engagements
2025-03-17 11:24:46,431 - __main__ - DEBUG - full-report.py - 454 - Fetching successful engagements
2025-03-17 11:24:47,156 - __main__ - DEBUG - full-report.py - 501 - Success ratio: 93.64%
2025-03-17 11:24:47,720 - __main__ - DEBUG - full-report.py - 653 - Fetching user engagement data
2025-03-17 11:24:48,335 - __main__ - DEBUG - full-report.py - 673 - Found 5 user records
2025-03-17 11:24:48,336 - __main__ - DEBUG - full-report.py - 515 - Fetching engagement time series data
2025-03-17 11:24:49,069 - __main__ - DEBUG - full-report.py - 694 - Fetching rerun comparison data using Excel formula logic
2025-03-17 11:24:49,699 - __main__ - DEBUG - full-report.py - 780 - Metrics found - Initial: {'likes': 455, 'retweets': 433, 'comments': 598}, Rerun: {'likes': 503, 'retweets': 465, 'comments': 653}
2025-03-17 11:24:49,897 - __main__ - DEBUG - full-report.py - 801 - Fetching engagement time series data from 2025-03-11 00:00:00.897385 to 2025-03-17 23:59:59.897385
2025-03-17 11:26:53,163 - __main__ - DEBUG - full-report.py - 920 - Starting dashboard application
2025-03-17 11:26:54,522 - __main__ - DEBUG - full-report.py - 905 - Excel generation successful. Data size: 131918 bytes
2025-03-17 11:26:54,566 - __main__ - DEBUG - full-report.py - 422 - Fetching total engagements
2025-03-17 11:26:55,207 - __main__ - DEBUG - full-report.py - 437 - Found 1730 total engagements
2025-03-17 11:26:55,207 - __main__ - DEBUG - full-report.py - 454 - Fetching successful engagements
2025-03-17 11:26:55,956 - __main__ - DEBUG - full-report.py - 493 - Calculating success ratio
2025-03-17 11:26:55,956 - __main__ - DEBUG - full-report.py - 422 - Fetching total engagements
2025-03-17 11:26:56,555 - __main__ - DEBUG - full-report.py - 437 - Found 1730 total engagements
2025-03-17 11:26:56,555 - __main__ - DEBUG - full-report.py - 454 - Fetching successful engagements
2025-03-17 11:26:57,237 - __main__ - DEBUG - full-report.py - 501 - Success ratio: 93.64%
2025-03-17 11:26:58,205 - __main__ - DEBUG - full-report.py - 653 - Fetching user engagement data
2025-03-17 11:26:59,144 - __main__ - DEBUG - full-report.py - 673 - Found 5 user records
2025-03-17 11:26:59,145 - __main__ - DEBUG - full-report.py - 515 - Fetching engagement time series data
2025-03-17 11:26:59,749 - __main__ - DEBUG - full-report.py - 694 - Fetching rerun comparison data using Excel formula logic
2025-03-17 11:27:00,417 - __main__ - DEBUG - full-report.py - 780 - Metrics found - Initial: {'likes': 455, 'retweets': 433, 'comments': 598}, Rerun: {'likes': 503, 'retweets': 465, 'comments': 653}
2025-03-17 11:27:00,579 - __main__ - DEBUG - full-report.py - 801 - Fetching engagement time series data from 2025-03-11 00:00:00.578521 to 2025-03-17 23:59:59.578521
2025-03-17 11:27:46,243 - __main__ - DEBUG - full-report.py - 920 - Starting dashboard application
2025-03-17 11:27:47,326 - __main__ - DEBUG - full-report.py - 905 - Excel generation successful. Data size: 131918 bytes
2025-03-17 11:27:47,370 - __main__ - DEBUG - full-report.py - 422 - Fetching total engagements
2025-03-17 11:27:48,012 - __main__ - DEBUG - full-report.py - 437 - Found 1730 total engagements
2025-03-17 11:27:48,013 - __main__ - DEBUG - full-report.py - 454 - Fetching successful engagements
2025-03-17 11:27:48,795 - __main__ - DEBUG - full-report.py - 493 - Calculating success ratio
2025-03-17 11:27:48,795 - __main__ - DEBUG - full-report.py - 422 - Fetching total engagements
2025-03-17 11:27:49,376 - __main__ - DEBUG - full-report.py - 437 - Found 1730 total engagements
2025-03-17 11:27:49,376 - __main__ - DEBUG - full-report.py - 454 - Fetching successful engagements
2025-03-17 11:27:50,024 - __main__ - DEBUG - full-report.py - 501 - Success ratio: 93.64%
2025-03-17 11:27:50,690 - __main__ - DEBUG - full-report.py - 653 - Fetching user engagement data
2025-03-17 11:27:51,338 - __main__ - DEBUG - full-report.py - 673 - Found 5 user records
2025-03-17 11:27:51,339 - __main__ - DEBUG - full-report.py - 515 - Fetching engagement time series data
2025-03-17 11:27:51,936 - __main__ - DEBUG - full-report.py - 694 - Fetching rerun comparison data using Excel formula logic
2025-03-17 11:27:52,570 - __main__ - DEBUG - full-report.py - 780 - Metrics found - Initial: {'likes': 455, 'retweets': 433, 'comments': 598}, Rerun: {'likes': 503, 'retweets': 465, 'comments': 653}
2025-03-17 11:27:52,613 - __main__ - DEBUG - full-report.py - 801 - Fetching engagement time series data from 2025-03-11 00:00:00.613154 to 2025-03-17 23:59:59.613154
2025-03-17 11:28:21,026 - __main__ - DEBUG - full-report.py - 920 - Starting dashboard application
2025-03-17 11:28:22,190 - __main__ - DEBUG - full-report.py - 905 - Excel generation successful. Data size: 131917 bytes
2025-03-17 11:28:22,237 - __main__ - DEBUG - full-report.py - 422 - Fetching total engagements
2025-03-17 11:28:22,945 - __main__ - DEBUG - full-report.py - 437 - Found 1730 total engagements
2025-03-17 11:28:22,945 - __main__ - DEBUG - full-report.py - 454 - Fetching successful engagements
2025-03-17 11:28:23,679 - __main__ - DEBUG - full-report.py - 493 - Calculating success ratio
2025-03-17 11:28:23,679 - __main__ - DEBUG - full-report.py - 422 - Fetching total engagements
2025-03-17 11:28:24,337 - __main__ - DEBUG - full-report.py - 437 - Found 1730 total engagements
2025-03-17 11:28:24,337 - __main__ - DEBUG - full-report.py - 454 - Fetching successful engagements
2025-03-17 11:28:25,010 - __main__ - DEBUG - full-report.py - 501 - Success ratio: 93.64%
2025-03-17 11:28:25,562 - __main__ - DEBUG - full-report.py - 653 - Fetching user engagement data
2025-03-17 11:28:26,217 - __main__ - DEBUG - full-report.py - 673 - Found 5 user records
2025-03-17 11:28:26,217 - __main__ - DEBUG - full-report.py - 515 - Fetching engagement time series data
2025-03-17 11:28:26,808 - __main__ - DEBUG - full-report.py - 694 - Fetching rerun comparison data using Excel formula logic
2025-03-17 11:28:27,441 - __main__ - DEBUG - full-report.py - 780 - Metrics found - Initial: {'likes': 455, 'retweets': 433, 'comments': 598}, Rerun: {'likes': 503, 'retweets': 465, 'comments': 653}
2025-03-17 11:28:27,473 - __main__ - DEBUG - full-report.py - 801 - Fetching engagement time series data from 2025-03-11 00:00:00.473439 to 2025-03-17 23:59:59.473439
2025-03-17 11:28:54,942 - __main__ - DEBUG - full-report.py - 920 - Starting dashboard application
2025-03-17 11:28:56,070 - __main__ - DEBUG - full-report.py - 905 - Excel generation successful. Data size: 131918 bytes
2025-03-17 11:28:56,117 - __main__ - DEBUG - full-report.py - 422 - Fetching total engagements
2025-03-17 11:28:56,743 - __main__ - DEBUG - full-report.py - 437 - Found 1730 total engagements
2025-03-17 11:28:56,743 - __main__ - DEBUG - full-report.py - 454 - Fetching successful engagements
2025-03-17 11:28:57,494 - __main__ - DEBUG - full-report.py - 493 - Calculating success ratio
2025-03-17 11:28:57,494 - __main__ - DEBUG - full-report.py - 422 - Fetching total engagements
2025-03-17 11:28:58,168 - __main__ - DEBUG - full-report.py - 437 - Found 1730 total engagements
2025-03-17 11:28:58,168 - __main__ - DEBUG - full-report.py - 454 - Fetching successful engagements
2025-03-17 11:28:59,067 - __main__ - DEBUG - full-report.py - 501 - Success ratio: 93.64%
2025-03-17 11:28:59,704 - __main__ - DEBUG - full-report.py - 653 - Fetching user engagement data
2025-03-17 11:29:00,356 - __main__ - DEBUG - full-report.py - 673 - Found 5 user records
2025-03-17 11:29:00,356 - __main__ - DEBUG - full-report.py - 515 - Fetching engagement time series data
2025-03-17 11:29:00,918 - __main__ - DEBUG - full-report.py - 694 - Fetching rerun comparison data using Excel formula logic
2025-03-17 11:29:01,733 - __main__ - DEBUG - full-report.py - 780 - Metrics found - Initial: {'likes': 455, 'retweets': 433, 'comments': 598}, Rerun: {'likes': 503, 'retweets': 465, 'comments': 653}
2025-03-17 11:29:01,782 - __main__ - DEBUG - full-report.py - 801 - Fetching engagement time series data from 2025-03-11 00:00:00.782624 to 2025-03-17 23:59:59.782624
2025-03-17 11:29:05,804 - __main__ - DEBUG - full-report.py - 920 - Starting dashboard application
2025-03-17 11:29:07,026 - __main__ - DEBUG - full-report.py - 905 - Excel generation successful. Data size: 131918 bytes
2025-03-17 11:29:07,075 - __main__ - DEBUG - full-report.py - 422 - Fetching total engagements
2025-03-17 11:29:07,651 - __main__ - DEBUG - full-report.py - 437 - Found 1730 total engagements
2025-03-17 11:29:07,651 - __main__ - DEBUG - full-report.py - 454 - Fetching successful engagements
2025-03-17 11:29:08,293 - __main__ - DEBUG - full-report.py - 493 - Calculating success ratio
2025-03-17 11:29:08,295 - __main__ - DEBUG - full-report.py - 422 - Fetching total engagements
2025-03-17 11:29:09,013 - __main__ - DEBUG - full-report.py - 437 - Found 1730 total engagements
2025-03-17 11:29:09,013 - __main__ - DEBUG - full-report.py - 454 - Fetching successful engagements
2025-03-17 11:29:09,626 - __main__ - DEBUG - full-report.py - 501 - Success ratio: 93.64%
2025-03-17 11:29:10,314 - __main__ - DEBUG - full-report.py - 653 - Fetching user engagement data
2025-03-17 11:29:10,953 - __main__ - DEBUG - full-report.py - 673 - Found 5 user records
2025-03-17 11:29:10,953 - __main__ - DEBUG - full-report.py - 515 - Fetching engagement time series data
2025-03-17 11:29:11,568 - __main__ - DEBUG - full-report.py - 694 - Fetching rerun comparison data using Excel formula logic
2025-03-17 11:29:12,238 - __main__ - DEBUG - full-report.py - 780 - Metrics found - Initial: {'likes': 455, 'retweets': 433, 'comments': 598}, Rerun: {'likes': 503, 'retweets': 465, 'comments': 653}
2025-03-17 11:29:12,289 - __main__ - DEBUG - full-report.py - 801 - Fetching engagement time series data from 2025-03-11 00:00:00 to 2025-03-17 23:59:59.999999
2025-03-17 11:29:25,068 - __main__ - DEBUG - full-report.py - 920 - Starting dashboard application
2025-03-17 11:29:26,442 - __main__ - DEBUG - full-report.py - 905 - Excel generation successful. Data size: 131918 bytes
2025-03-17 11:29:26,510 - __main__ - DEBUG - full-report.py - 422 - Fetching total engagements
2025-03-17 11:29:27,141 - __main__ - DEBUG - full-report.py - 437 - Found 1730 total engagements
2025-03-17 11:29:27,141 - __main__ - DEBUG - full-report.py - 454 - Fetching successful engagements
2025-03-17 11:29:27,781 - __main__ - DEBUG - full-report.py - 493 - Calculating success ratio
2025-03-17 11:29:27,781 - __main__ - DEBUG - full-report.py - 422 - Fetching total engagements
2025-03-17 11:29:28,389 - __main__ - DEBUG - full-report.py - 437 - Found 1730 total engagements
2025-03-17 11:29:28,390 - __main__ - DEBUG - full-report.py - 454 - Fetching successful engagements
2025-03-17 11:29:29,064 - __main__ - DEBUG - full-report.py - 501 - Success ratio: 93.64%
2025-03-17 11:29:29,774 - __main__ - DEBUG - full-report.py - 653 - Fetching user engagement data
2025-03-17 11:29:30,410 - __main__ - DEBUG - full-report.py - 673 - Found 5 user records
2025-03-17 11:29:30,410 - __main__ - DEBUG - full-report.py - 515 - Fetching engagement time series data
2025-03-17 11:29:31,324 - __main__ - DEBUG - full-report.py - 694 - Fetching rerun comparison data using Excel formula logic
2025-03-17 11:29:32,058 - __main__ - DEBUG - full-report.py - 780 - Metrics found - Initial: {'likes': 455, 'retweets': 433, 'comments': 598}, Rerun: {'likes': 503, 'retweets': 465, 'comments': 653}
2025-03-17 11:29:32,103 - __main__ - DEBUG - full-report.py - 801 - Fetching engagement time series data from 2025-03-09 00:00:00 to 2025-03-11 23:59:59.999999
2025-03-17 11:29:37,059 - __main__ - DEBUG - full-report.py - 920 - Starting dashboard application
2025-03-17 11:29:38,179 - __main__ - DEBUG - full-report.py - 905 - Excel generation successful. Data size: 131918 bytes
2025-03-17 11:29:38,231 - __main__ - DEBUG - full-report.py - 422 - Fetching total engagements
2025-03-17 11:29:39,063 - __main__ - DEBUG - full-report.py - 437 - Found 1730 total engagements
2025-03-17 11:29:39,063 - __main__ - DEBUG - full-report.py - 454 - Fetching successful engagements
2025-03-17 11:29:39,748 - __main__ - DEBUG - full-report.py - 493 - Calculating success ratio
2025-03-17 11:29:39,749 - __main__ - DEBUG - full-report.py - 422 - Fetching total engagements
2025-03-17 11:29:40,323 - __main__ - DEBUG - full-report.py - 437 - Found 1730 total engagements
2025-03-17 11:29:40,323 - __main__ - DEBUG - full-report.py - 454 - Fetching successful engagements
2025-03-17 11:29:41,036 - __main__ - DEBUG - full-report.py - 501 - Success ratio: 93.64%
2025-03-17 11:29:41,659 - __main__ - DEBUG - full-report.py - 653 - Fetching user engagement data
2025-03-17 11:29:42,236 - __main__ - DEBUG - full-report.py - 673 - Found 5 user records
2025-03-17 11:29:42,236 - __main__ - DEBUG - full-report.py - 515 - Fetching engagement time series data
2025-03-17 11:29:42,901 - __main__ - DEBUG - full-report.py - 694 - Fetching rerun comparison data using Excel formula logic
2025-03-17 11:29:43,544 - __main__ - DEBUG - full-report.py - 780 - Metrics found - Initial: {'likes': 455, 'retweets': 433, 'comments': 598}, Rerun: {'likes': 503, 'retweets': 465, 'comments': 653}
2025-03-17 11:29:43,577 - __main__ - DEBUG - full-report.py - 801 - Fetching engagement time series data from 2025-03-11 00:00:00.577029 to 2025-03-17 23:59:59.577029
2025-03-17 11:32:59,355 - __main__ - DEBUG - full-report.py - 920 - Starting dashboard application
2025-03-17 11:33:00,691 - __main__ - DEBUG - full-report.py - 905 - Excel generation successful. Data size: 131917 bytes
2025-03-17 11:33:00,737 - __main__ - DEBUG - full-report.py - 422 - Fetching total engagements
2025-03-17 11:33:01,442 - __main__ - DEBUG - full-report.py - 437 - Found 1730 total engagements
2025-03-17 11:33:01,442 - __main__ - DEBUG - full-report.py - 454 - Fetching successful engagements
2025-03-17 11:33:02,028 - __main__ - DEBUG - full-report.py - 493 - Calculating success ratio
2025-03-17 11:33:02,028 - __main__ - DEBUG - full-report.py - 422 - Fetching total engagements
2025-03-17 11:33:02,629 - __main__ - DEBUG - full-report.py - 437 - Found 1730 total engagements
2025-03-17 11:33:02,629 - __main__ - DEBUG - full-report.py - 454 - Fetching successful engagements
2025-03-17 11:33:03,331 - __main__ - DEBUG - full-report.py - 501 - Success ratio: 93.64%
2025-03-17 11:33:03,925 - __main__ - DEBUG - full-report.py - 653 - Fetching user engagement data
2025-03-17 11:33:04,637 - __main__ - DEBUG - full-report.py - 673 - Found 5 user records
2025-03-17 11:33:04,637 - __main__ - DEBUG - full-report.py - 515 - Fetching engagement time series data
2025-03-17 11:33:05,317 - __main__ - DEBUG - full-report.py - 694 - Fetching rerun comparison data using Excel formula logic
2025-03-17 11:33:05,996 - __main__ - DEBUG - full-report.py - 780 - Metrics found - Initial: {'likes': 455, 'retweets': 433, 'comments': 598}, Rerun: {'likes': 503, 'retweets': 465, 'comments': 653}
2025-03-17 11:33:06,138 - __main__ - DEBUG - full-report.py - 801 - Fetching engagement time series data from 2025-03-11 00:00:00.138009 to 2025-03-17 23:59:59.138009
2025-03-17 11:35:03,969 - __main__ - DEBUG - full-report.py - 920 - Starting dashboard application
2025-03-17 11:35:05,357 - __main__ - DEBUG - full-report.py - 905 - Excel generation successful. Data size: 131917 bytes
2025-03-17 11:35:05,417 - __main__ - DEBUG - full-report.py - 959 - Raw data export triggered
2025-03-17 11:35:05,418 - __main__ - DEBUG - full-report.py - 422 - Fetching total engagements
2025-03-17 11:35:06,065 - __main__ - DEBUG - full-report.py - 437 - Found 1730 total engagements
2025-03-17 11:35:06,065 - __main__ - DEBUG - full-report.py - 454 - Fetching successful engagements
2025-03-17 11:35:06,782 - __main__ - DEBUG - full-report.py - 493 - Calculating success ratio
2025-03-17 11:35:06,783 - __main__ - DEBUG - full-report.py - 422 - Fetching total engagements
2025-03-17 11:35:07,417 - __main__ - DEBUG - full-report.py - 437 - Found 1730 total engagements
2025-03-17 11:35:07,418 - __main__ - DEBUG - full-report.py - 454 - Fetching successful engagements
2025-03-17 11:35:08,028 - __main__ - DEBUG - full-report.py - 501 - Success ratio: 93.64%
2025-03-17 11:35:08,718 - __main__ - DEBUG - full-report.py - 653 - Fetching user engagement data
2025-03-17 11:35:09,319 - __main__ - DEBUG - full-report.py - 673 - Found 5 user records
2025-03-17 11:35:09,320 - __main__ - DEBUG - full-report.py - 515 - Fetching engagement time series data
2025-03-17 11:35:09,925 - __main__ - DEBUG - full-report.py - 694 - Fetching rerun comparison data using Excel formula logic
2025-03-17 11:35:10,817 - __main__ - DEBUG - full-report.py - 780 - Metrics found - Initial: {'likes': 455, 'retweets': 433, 'comments': 598}, Rerun: {'likes': 503, 'retweets': 465, 'comments': 653}
2025-03-17 11:35:10,859 - __main__ - DEBUG - full-report.py - 801 - Fetching engagement time series data from 2025-03-11 00:00:00.859596 to 2025-03-17 23:59:59.859596
2025-03-17 11:36:10,020 - __main__ - DEBUG - full-report.py - 920 - Starting dashboard application
2025-03-17 11:36:11,386 - __main__ - DEBUG - full-report.py - 905 - Excel generation successful. Data size: 131917 bytes
2025-03-17 11:36:11,440 - __main__ - DEBUG - full-report.py - 422 - Fetching total engagements
2025-03-17 11:36:12,154 - __main__ - DEBUG - full-report.py - 437 - Found 1730 total engagements
2025-03-17 11:36:12,155 - __main__ - DEBUG - full-report.py - 454 - Fetching successful engagements
2025-03-17 11:36:12,844 - __main__ - DEBUG - full-report.py - 493 - Calculating success ratio
2025-03-17 11:36:12,844 - __main__ - DEBUG - full-report.py - 422 - Fetching total engagements
2025-03-17 11:36:13,559 - __main__ - DEBUG - full-report.py - 437 - Found 1730 total engagements
2025-03-17 11:36:13,560 - __main__ - DEBUG - full-report.py - 454 - Fetching successful engagements
2025-03-17 11:36:14,278 - __main__ - DEBUG - full-report.py - 501 - Success ratio: 93.64%
2025-03-17 11:36:15,018 - __main__ - DEBUG - full-report.py - 653 - Fetching user engagement data
2025-03-17 11:36:15,758 - __main__ - DEBUG - full-report.py - 673 - Found 5 user records
2025-03-17 11:36:15,758 - __main__ - DEBUG - full-report.py - 515 - Fetching engagement time series data
2025-03-17 11:36:16,549 - __main__ - DEBUG - full-report.py - 694 - Fetching rerun comparison data using Excel formula logic
2025-03-17 11:36:17,237 - __main__ - DEBUG - full-report.py - 780 - Metrics found - Initial: {'likes': 455, 'retweets': 433, 'comments': 598}, Rerun: {'likes': 503, 'retweets': 465, 'comments': 653}
2025-03-17 11:36:17,271 - __main__ - DEBUG - full-report.py - 801 - Fetching engagement time series data from 2025-03-11 00:00:00.271851 to 2025-03-17 23:59:59.271851
2025-03-17 11:37:40,264 - __main__ - DEBUG - full-report.py - 920 - Starting dashboard application
2025-03-17 11:37:40,267 - __main__ - DEBUG - full-report.py - 947 - Manual refresh triggered
2025-03-17 11:37:40,330 - __main__ - DEBUG - full-report.py - 920 - Starting dashboard application
2025-03-17 11:37:41,468 - __main__ - DEBUG - full-report.py - 905 - Excel generation successful. Data size: 131988 bytes
2025-03-17 11:37:41,515 - __main__ - DEBUG - full-report.py - 422 - Fetching total engagements
2025-03-17 11:37:42,127 - __main__ - DEBUG - full-report.py - 437 - Found 1731 total engagements
2025-03-17 11:37:42,127 - __main__ - DEBUG - full-report.py - 454 - Fetching successful engagements
2025-03-17 11:37:42,788 - __main__ - DEBUG - full-report.py - 493 - Calculating success ratio
2025-03-17 11:37:42,788 - __main__ - DEBUG - full-report.py - 422 - Fetching total engagements
2025-03-17 11:37:43,369 - __main__ - DEBUG - full-report.py - 437 - Found 1731 total engagements
2025-03-17 11:37:43,369 - __main__ - DEBUG - full-report.py - 454 - Fetching successful engagements
2025-03-17 11:37:44,045 - __main__ - DEBUG - full-report.py - 501 - Success ratio: 93.65%
2025-03-17 11:37:44,701 - __main__ - DEBUG - full-report.py - 653 - Fetching user engagement data
2025-03-17 11:37:45,332 - __main__ - DEBUG - full-report.py - 673 - Found 5 user records
2025-03-17 11:37:45,332 - __main__ - DEBUG - full-report.py - 515 - Fetching engagement time series data
2025-03-17 11:37:45,906 - __main__ - DEBUG - full-report.py - 694 - Fetching rerun comparison data using Excel formula logic
2025-03-17 11:37:46,568 - __main__ - DEBUG - full-report.py - 780 - Metrics found - Initial: {'likes': 456, 'retweets': 433, 'comments': 598}, Rerun: {'likes': 504, 'retweets': 465, 'comments': 653}
2025-03-17 11:37:46,597 - __main__ - DEBUG - full-report.py - 801 - Fetching engagement time series data from 2025-03-11 00:00:00.597957 to 2025-03-17 23:59:59.597957
2025-03-17 11:38:03,757 - __main__ - DEBUG - full-report.py - 920 - Starting dashboard application
2025-03-17 11:38:05,229 - __main__ - DEBUG - full-report.py - 905 - Excel generation successful. Data size: 131987 bytes
2025-03-17 11:38:05,287 - __main__ - DEBUG - full-report.py - 959 - Raw data export triggered
2025-03-17 11:38:05,287 - __main__ - DEBUG - full-report.py - 422 - Fetching total engagements
2025-03-17 11:38:05,873 - __main__ - DEBUG - full-report.py - 437 - Found 1731 total engagements
2025-03-17 11:38:05,873 - __main__ - DEBUG - full-report.py - 454 - Fetching successful engagements
2025-03-17 11:38:06,467 - __main__ - DEBUG - full-report.py - 493 - Calculating success ratio
2025-03-17 11:38:06,469 - __main__ - DEBUG - full-report.py - 422 - Fetching total engagements
2025-03-17 11:38:07,111 - __main__ - DEBUG - full-report.py - 437 - Found 1731 total engagements
2025-03-17 11:38:07,111 - __main__ - DEBUG - full-report.py - 454 - Fetching successful engagements
2025-03-17 11:38:07,691 - __main__ - DEBUG - full-report.py - 501 - Success ratio: 93.65%
2025-03-17 11:38:08,350 - __main__ - DEBUG - full-report.py - 653 - Fetching user engagement data
2025-03-17 11:38:08,982 - __main__ - DEBUG - full-report.py - 673 - Found 5 user records
2025-03-17 11:38:08,983 - __main__ - DEBUG - full-report.py - 515 - Fetching engagement time series data
2025-03-17 11:38:09,268 - __main__ - DEBUG - full-report.py - 920 - Starting dashboard application
2025-03-17 11:38:09,629 - __main__ - DEBUG - full-report.py - 694 - Fetching rerun comparison data using Excel formula logic
2025-03-17 11:38:10,560 - __main__ - DEBUG - full-report.py - 780 - Metrics found - Initial: {'likes': 456, 'retweets': 433, 'comments': 598}, Rerun: {'likes': 504, 'retweets': 465, 'comments': 653}
2025-03-17 11:38:10,629 - __main__ - DEBUG - full-report.py - 905 - Excel generation successful. Data size: 131987 bytes
2025-03-17 11:38:10,700 - __main__ - DEBUG - full-report.py - 959 - Raw data export triggered
2025-03-17 11:38:10,700 - __main__ - DEBUG - full-report.py - 422 - Fetching total engagements
2025-03-17 11:38:11,472 - __main__ - DEBUG - full-report.py - 437 - Found 1731 total engagements
2025-03-17 11:38:11,472 - __main__ - DEBUG - full-report.py - 454 - Fetching successful engagements
2025-03-17 11:38:12,264 - __main__ - DEBUG - full-report.py - 493 - Calculating success ratio
2025-03-17 11:38:12,264 - __main__ - DEBUG - full-report.py - 422 - Fetching total engagements
2025-03-17 11:38:12,943 - __main__ - DEBUG - full-report.py - 437 - Found 1731 total engagements
2025-03-17 11:38:12,943 - __main__ - DEBUG - full-report.py - 454 - Fetching successful engagements
2025-03-17 11:38:13,487 - __main__ - DEBUG - full-report.py - 501 - Success ratio: 93.65%
2025-03-17 11:38:14,081 - __main__ - DEBUG - full-report.py - 653 - Fetching user engagement data
2025-03-17 11:38:14,717 - __main__ - DEBUG - full-report.py - 673 - Found 5 user records
2025-03-17 11:38:14,718 - __main__ - DEBUG - full-report.py - 515 - Fetching engagement time series data
2025-03-17 11:38:15,415 - __main__ - DEBUG - full-report.py - 694 - Fetching rerun comparison data using Excel formula logic
2025-03-17 11:38:16,149 - __main__ - DEBUG - full-report.py - 780 - Metrics found - Initial: {'likes': 456, 'retweets': 433, 'comments': 598}, Rerun: {'likes': 504, 'retweets': 465, 'comments': 653}
2025-03-17 11:38:16,185 - __main__ - DEBUG - full-report.py - 801 - Fetching engagement time series data from 2025-03-11 00:00:00.185192 to 2025-03-17 23:59:59.185192
